-4.939365135156E-05  6.999999999642E+00  7.262456835485E+07
-4.929726523652E-05  6.147001390533E+00  6.377476038385E+07
-4.920087912149E-05  8.529986098250E-01  8.849807978428E+06
-4.910449300646E-05  2.597978018325E+00  2.695386174084E+07
-4.900810689143E-05  4.402021981675E+00  4.567070661773E+07
-4.891172077639E-05  1.100110618236E+01  1.141357982801E+08
-4.881533466136E-05  2.232600558891E+00  2.316309312951E+07
-4.871894854633E-05  6.766293258745E+00  7.019987532912E+07
-4.862256243130E-05  7.566588190144E-01  7.850288589375E+06
-4.852617631626E-05  6.436552727154E+00  6.677883764667E+07
-4.842979020123E-05  6.806788453831E+00  7.062001048108E+07
-4.833340408620E-05  4.075537893247E+00  4.228345433229E+07
-4.823701797116E-05  9.451251084121E+00  9.805614720467E+07
-4.814063185613E-05  1.314915532202E+01  1.364216756488E+08
-4.804424574110E-05  1.390754265509E+01  1.442898974649E+08
-4.794785962607E-05  1.797789040920E+01  1.865195044236E+08
-4.785147351103E-05  2.349454608361E+00  2.437544668718E+07
-4.775508739600E-05  1.780607632027E+01  1.847369438456E+08
-4.765870128097E-05  1.322651635089E+01  1.372242915530E+08
-4.756231516594E-05  6.402784917981E+00  6.642849870873E+07
-4.746592905090E-05  2.517180815492E+01  2.611559574366E+08
-4.736954293587E-05  4.657241369032E+01  4.831859202394E+08
-4.727315682084E-05  3.893433692911E+01  4.039413448291E+08
-4.717677070581E-05  3.195449284274E+01  3.315258928315E+08
-4.708038459077E-05  4.319248262321E+01  4.481193438351E+08
-4.698399847574E-05  2.686341943103E+01  2.787063201163E+08
-4.688761236071E-05  1.231290026424E+01  1.277455809903E+08
-4.679122624568E-05  7.004839338930E+00  7.267477620155E+07
-4.669484013064E-05  2.619293631114E+01  2.717500990914E+08
-4.659845401561E-05  4.505596164347E+01  4.674528237624E+08
-4.650206790058E-05  2.986546506447E+01  3.098523584478E+08
-4.640568178555E-05  2.774556834904E+01  2.878585607446E+08
-4.630929567051E-05  5.593493885761E+01  5.803215415281E+08
-4.621290955548E-05  3.260908125790E+01  3.383172072749E+08
-4.611652344045E-05  1.923748499888E+01  1.995877206211E+08
-4.602013732542E-05  4.944255684210E+01  5.129634784573E+08
-4.592375121038E-05  5.982610945918E+01  6.206921965779E+08
-4.582736509535E-05  8.269796215970E+01  8.579862579973E+08
-4.573097898032E-05  7.167787600976E+01  7.436535437239E+08
-4.563459286529E-05  4.823099199930E+01  5.003935679221E+08
-4.553820675025E-05  4.209761060325E+01  4.367601141411E+08
-4.544182063522E-05  6.665168230889E+01  6.915070940079E+08
-4.534543452019E-05  9.704897171980E+01  1.006877097256E+09
-4.524904840515E-05  1.044833612360E+02  1.084008430060E+09
-4.515266229012E-05  5.487317555577E+01  5.693058127431E+08
-4.505627617509E-05  8.575708981737E+01  8.897245188104E+08
-4.495989006006E-05  8.941353481307E+01  9.276599101732E+08
-4.486350394502E-05  1.384725941469E+02  1.436644625630E+09
-4.476711782999E-05  1.009712440323E+02  1.047570430639E+09
-4.467073171496E-05  1.066160299114E+02  1.106134736060E+09
-4.457434559993E-05  1.277918354959E+02  1.325832413234E+09
-4.447795948489E-05  1.042045711417E+02  1.081116000022E+09
-4.438157336986E-05  1.461466744967E+02  1.516262736052E+09
-4.428518725483E-05  1.329952352057E+02  1.379817364366E+09
-4.418880113980E-05  1.695580432472E+02  1.759154243221E+09
-4.409241502476E-05  1.153844059193E+02  1.197106096457E+09
-4.399602890973E-05  1.670949586952E+02  1.733599892876E+09
-4.389964279470E-05  1.545845183828E+02  1.603804846066E+09
-4.380325667967E-05  1.575346953454E+02  1.634412750137E+09
-4.370687056463E-05  1.894837257132E+02  1.965881970128E+09
-4.361048444960E-05  2.055536680992E+02  2.132606631461E+09
-4.351409833457E-05  1.899061209793E+02  1.970264294968E+09
-4.341771221954E-05  2.163648088233E+02  2.244771549825E+09
-4.332132610450E-05  2.187497411849E+02  2.269515076014E+09
-4.322493998947E-05  2.229829966263E+02  2.313434840183E+09
-4.312855387444E-05  2.592326982720E+02  2.689523259489E+09
-4.303216775941E-05  2.608758367209E+02  2.706570719577E+09
-4.293578164437E-05  2.424237716296E+02  2.515131682065E+09
-4.283939552934E-05  2.227555342510E+02  2.311074932066E+09
-4.274300941431E-05  2.423875531320E+02  2.514755917385E+09
-4.264662329928E-05  2.288410359406E+02  2.374211636844E+09
-4.255023718424E-05  2.894087239749E+02  3.002597665412E+09
-4.245385106921E-05  3.013668638883E+02  3.126662629637E+09
-4.235746495418E-05  3.127409781223E+02  3.244668363453E+09
-4.226107883914E-05  4.186806673367E+02  4.343786106486E+09
-4.216469272411E-05  3.425631337765E+02  3.554071389439E+09
-4.206830660908E-05  3.486066644019E+02  3.616772647015E+09
-4.197192049405E-05  3.718505090821E+02  3.857926102286E+09
-4.187553437901E-05  3.083148410630E+02  3.198747464392E+09
-4.177914826398E-05  3.558748372595E+02  3.692179492235E+09
-4.168276214895E-05  3.981528447063E+02  4.130811212504E+09
-4.158637603392E-05  4.349771128097E+02  4.512860723380E+09
-4.148998991888E-05  4.663898900270E+02  4.838766350002E+09
-4.139360380385E-05  4.173480286610E+02  4.329960062401E+09
-4.129721768882E-05  4.488425066444E+02  4.656713329433E+09
-4.120083157379E-05  5.102959314718E+02  5.294288822610E+09
-4.110444545875E-05  4.561154845493E+02  4.732170026722E+09
-4.100805934372E-05  4.862604152869E+02  5.044921824296E+09
-4.091167322869E-05  4.869875740616E+02  5.052466051744E+09
-4.081528711366E-05  5.221219497223E+02  5.416983032730E+09
-4.071890099862E-05  5.918743053557E+02  6.140659421283E+09
-4.062251488359E-05  6.687648227360E+02  6.938393797799E+09
-4.052612876856E-05  6.444310181486E+02  6.685932075702E+09
-4.042974265353E-05  6.171380214305E+02  6.402768917721E+09
-4.033335653849E-05  7.142106023293E+02  7.409890958753E+09
-4.023697042346E-05  7.798060226176E+02  8.090439399430E+09
-4.014058430843E-05  7.975137121447E+02  8.274155586364E+09
-4.004419819340E-05  7.773256779735E+02  8.064705976693E+09
-3.994781207836E-05  7.611004000545E+02  7.896369718784E+09
-3.985142596333E-05  9.571210946210E+02  9.930072337676E+09
-3.975503984830E-05  1.057772961741E+03  1.097432925254E+10
-3.965865373327E-05  8.845463903227E+02  9.177114255758E+09
-3.956226761823E-05  1.079222980752E+03  1.119687187711E+10
-3.946588150320E-05  1.039075547231E+03  1.078034472994E+10
-3.936949538817E-05  1.099169966900E+03  1.140382062840E+10
-3.927310927313E-05  1.233513700330E+03  1.279762857869E+10
-3.917672315810E-05  1.310960145819E+03  1.360113067505E+10
-3.908033704307E-05  1.145228717068E+03  1.188167732127E+10
-3.898395092804E-05  1.125113207138E+03  1.167298014613E+10
-3.888756481300E-05  1.284307727678E+03  1.332461348032E+10
-3.879117869797E-05  1.394031898034E+03  1.446299498183E+10
-3.869479258294E-05  1.414551364193E+03  1.467588317794E+10
-3.859840646791E-05  1.453360645257E+03  1.507852707587E+10
-3.850202035287E-05  1.529497542315E+03  1.586844268802E+10
-3.840563423784E-05  1.420460759494E+03  1.473719278979E+10
-3.830924812281E-05  1.479119309364E+03  1.534577162763E+10
-3.821286200778E-05  1.606411259161E+03  1.666641775755E+10
-3.811647589274E-05  1.617026578899E+03  1.677655104526E+10
-3.802008977771E-05  1.830344896661E+03  1.898971543818E+10
-3.792370366268E-05  1.990017818772E+03  2.064631215917E+10
-3.782731754765E-05  1.896910097963E+03  1.968032529708E+10
-3.773093143261E-05  1.901599749656E+03  1.972898014421E+10
-3.763454531758E-05  2.129899586112E+03  2.209757686978E+10
-3.753815920255E-05  2.225651081897E+03  2.309099273422E+10
-3.744177308752E-05  2.279198027619E+03  2.364653899421E+10
-3.734538697248E-05  2.396138019561E+03  2.485978419973E+10
-3.724900085745E-05  2.604411083979E+03  2.702060440032E+10
-3.715261474242E-05  2.438622584483E+03  2.530055894107E+10
-3.705622862739E-05  2.766869455412E+03  2.870609998626E+10
-3.695984251235E-05  2.814338374764E+03  2.919858709745E+10
-3.686345639732E-05  2.933929049358E+03  3.043933297204E+10
-3.676707028229E-05  2.974765495668E+03  3.086300858441E+10
-3.667068416726E-05  3.057172216454E+03  3.171797323111E+10
-3.657429805222E-05  2.952949944787E+03  3.063667358923E+10
-3.647791193719E-05  3.176614672723E+03  3.295718134972E+10
-3.638152582216E-05  2.992697717226E+03  3.104905427732E+10
-3.628513970712E-05  3.415747974479E+03  3.543817460974E+10
-3.618875359209E-05  3.704630241823E+03  3.843531032006E+10
-3.609236747706E-05  3.706391227565E+03  3.845358043856E+10
-3.599598136203E-05  3.886200589174E+03  4.031909147765E+10
-3.589959524699E-05  3.940004926665E+03  4.087730816138E+10
-3.580320913196E-05  4.245187697784E+03  4.404356059324E+10
-3.570682301693E-05  4.303240743951E+03  4.464585736749E+10
-3.561043690190E-05  4.310350125497E+03  4.471961676264E+10
-3.551405078686E-05  4.640803100660E+03  4.814804600322E+10
-3.541766467183E-05  4.495764422173E+03  4.664327865745E+10
-3.532127855680E-05  4.699364949008E+03  4.875562156872E+10
-3.522489244177E-05  4.974731232009E+03  5.161252977493E+10
-3.512850632673E-05  4.900391416571E+03  5.084125877379E+10
-3.503212021170E-05  5.192028110821E+03  5.386697149342E+10
-3.493573409667E-05  5.515828200006E+03  5.722637745220E+10
-3.483934798164E-05  5.747725648599E+03  5.963229918186E+10
-3.474296186660E-05  5.870459549146E+03  6.090565583188E+10
-3.464657575157E-05  6.255491506422E+03  6.490033864637E+10
-3.455018963654E-05  6.259708775900E+03  6.494409255715E+10
-3.445380352151E-05  6.627155840932E+03  6.875633319894E+10
-3.435741740647E-05  6.589086634105E+03  6.836136752558E+10
-3.426103129144E-05  7.366429303584E+03  7.642624978809E+10
-3.416464517641E-05  7.403431152810E+03  7.681014169217E+10
-3.406825906138E-05  7.563816531057E+03  7.847413010162E+10
-3.397187294634E-05  7.823996922703E+03  8.117348562143E+10
-3.387548683131E-05  8.017225797796E+03  8.317822328544E+10
-3.377910071628E-05  8.099456894174E+03  8.403136583974E+10
-3.368271460125E-05  8.312909586222E+03  8.624592435759E+10
-3.358632848621E-05  8.450927423694E+03  8.767785091076E+10
-3.348994237118E-05  9.086985384961E+03  9.427691303763E+10
-3.339355625615E-05  9.235846954835E+03  9.582134264581E+10
-3.329717014112E-05  9.426245654795E+03  9.779671741733E+10
-3.320078402608E-05  9.948426048503E+03  1.032143068028E+11
-3.310439791105E-05  1.045969722677E+04  1.085187137508E+11
-3.300801179602E-05  1.067793050411E+04  1.107828705463E+11
-3.291162568098E-05  1.110973438941E+04  1.152628092299E+11
-3.281523956595E-05  1.120484770518E+04  1.162496040160E+11
-3.271885345092E-05  1.186321129903E+04  1.230800857055E+11
-3.262246733589E-05  1.213908001284E+04  1.259422066003E+11
-3.252608122085E-05  1.256347766878E+04  1.303453061111E+11
-3.242969510582E-05  1.296501755126E+04  1.345112576316E+11
-3.233330899079E-05  1.334258733258E+04  1.384285208307E+11
-3.223692287576E-05  1.369216840211E+04  1.420554028709E+11
-3.214053676072E-05  1.453013384293E+04  1.507492426479E+11
-3.204415064569E-05  1.459387750958E+04  1.514105792587E+11
-3.194776453066E-05  1.470095378503E+04  1.525214890138E+11
-3.185137841563E-05  1.522274356240E+04  1.579350257790E+11
-3.175499230059E-05  1.603139317693E+04  1.663247156658E+11
-3.165860618556E-05  1.652981563874E+04  1.714958179729E+11
-3.156222007053E-05  1.733616894945E+04  1.798616838493E+11
-3.146583395550E-05  1.788425817109E+04  1.855480757270E+11
-3.136944784046E-05  1.841556110830E+04  1.910603109387E+11
-3.127306172543E-05  1.865186893296E+04  1.935119900482E+11
-3.117667561040E-05  1.907043443475E+04  1.978545813191E+11
-3.108028949537E-05  1.980204707604E+04  2.054450173591E+11
-3.098390338033E-05  2.021527418638E+04  2.097322231480E+11
-3.088751726530E-05  2.104346568808E+04  2.183246589093E+11
-3.079113115027E-05  2.164713810732E+04  2.245877230346E+11
-3.069474503524E-05  2.185719540946E+04  2.267670545915E+11
-3.059835892020E-05  2.285125440283E+04  2.370803553511E+11
-3.050197280517E-05  2.387319174438E+04  2.476828922539E+11
-3.040558669014E-05  2.440386439174E+04  2.531885882473E+11
-3.030920057511E-05  2.507167892157E+04  2.601171228148E+11
-3.021281446007E-05  2.566453678432E+04  2.662679865834E+11
-3.011642834504E-05  2.691332792514E+04  2.792241176651E+11
-3.002004223001E-05  2.723528124397E+04  2.825643634954E+11
-2.992365611497E-05  2.837042436869E+04  2.943414034179E+11
-2.982726999994E-05  2.895795878299E+04  3.004370367372E+11
-2.973088388491E-05  2.955565423620E+04  3.066380902084E+11
-2.963449776988E-05  3.048906866212E+04  3.163222073202E+11
-2.953811165484E-05  3.165033572766E+04  3.283702815178E+11
-2.944172553981E-05  3.284286006976E+04  3.407426480324E+11
-2.934533942478E-05  3.319300220036E+04  3.443753510465E+11
-2.924895330975E-05  3.325839858009E+04  3.450538344537E+11
-2.915256719471E-05  3.488306574510E+04  3.619096561088E+11
-2.905618107968E-05  3.580747382239E+04  3.715003329088E+11
-2.895979496465E-05  3.696331501305E+04  3.834921139892E+11
-2.886340884962E-05  3.794452886624E+04  3.936721472114E+11
-2.876702273458E-05  3.940484761644E+04  4.088228641970E+11
-2.867063661955E-05  4.056235239468E+04  4.208319048959E+11
-2.857425050452E-05  4.158388481101E+04  4.314302407245E+11
-2.847786438949E-05  4.242306774642E+04  4.401367119329E+11
-2.838147827445E-05  4.422093260954E+04  4.587894490259E+11
-2.828509215942E-05  4.465297761223E+04  4.632718892875E+11
-2.818870604439E-05  4.633350915855E+04  4.807073004539E+11
-2.809231992936E-05  4.744698946948E+04  4.922595900192E+11
-2.799593381432E-05  4.982660984856E+04  5.169480047174E+11
-2.789954769929E-05  5.139346934141E+04  5.332040753385E+11
-2.780316158426E-05  5.207980316375E+04  5.403247464237E+11
-2.770677546923E-05  5.310520557880E+04  5.509632332504E+11
-2.761038935419E-05  5.423276329607E+04  5.626615750385E+11
-2.751400323916E-05  5.524393259295E+04  5.731523941418E+11
-2.741761712413E-05  5.742651186608E+04  5.957965195161E+11
-2.732123100910E-05  5.884060182428E+04  6.104676156352E+11
-2.722484489406E-05  6.028610698810E+04  6.254646425755E+11
-2.712845877903E-05  6.200369611198E+04  6.432845238241E+11
-2.703207266400E-05  6.386355646882E+04  6.625804603416E+11
-2.693568654896E-05  6.509989376905E+04  6.754073835951E+11
-2.683930043393E-05  6.822996024460E+04  7.078816302694E+11
-2.674291431890E-05  6.964226770504E+04  7.225342330843E+11
-2.664652820387E-05  7.141080581432E+04  7.408827069146E+11
-2.655014208883E-05  7.250721103634E+04  7.522578434853E+11
-2.645375597380E-05  7.431378432705E+04  7.710009299776E+11
-2.635736985877E-05  7.637122371671E+04  7.923467367773E+11
-2.626098374374E-05  7.907639548443E+04  8.204127270583E+11
-2.616459762870E-05  8.105149925776E+04  8.409043069156E+11
-2.606821151367E-05  8.286628957691E+04  8.597326445713E+11
-2.597182539864E-05  8.434857362958E+04  8.751112502155E+11
-2.587543928361E-05  8.750602396363E+04  9.078696027333E+11
-2.577905316857E-05  8.994189323534E+04  9.331415962240E+11
-2.568266705354E-05  9.099414972455E+04  9.440586924143E+11
-2.558628093851E-05  9.380505575998E+04  9.732216692028E+11
-2.548989482348E-05  9.545285301694E+04  9.903174641355E+11
-2.539350870844E-05  9.789773699003E+04  1.015682984597E+12
-2.529712259341E-05  1.001876365064E+05  1.039440550877E+12
-2.520073647838E-05  1.026846314435E+05  1.065346719377E+12
-2.510435036335E-05  1.045515884347E+05  1.084716283039E+12
-2.500796424831E-05  1.078186259796E+05  1.118611596112E+12
-2.491157813328E-05  1.113545466276E+05  1.155296554799E+12
-2.481519201825E-05  1.129992240815E+05  1.172359981967E+12
-2.471880590322E-05  1.150674446053E+05  1.193817642369E+12
-2.462241978818E-05  1.176178606671E+05  1.220278051744E+12
-2.452603367315E-05  1.205980240054E+05  1.251197062613E+12
-2.442964755812E-05  1.241386538628E+05  1.287930879057E+12
-2.433326144309E-05  1.280801823177E+05  1.328823993730E+12
-2.423687532805E-05  1.314714483760E+05  1.364008169969E+12
-2.414048921302E-05  1.334407496002E+05  1.384439548737E+12
-2.404410309799E-05  1.356650525618E+05  1.407516554807E+12
-2.394771698295E-05  1.396789166493E+05  1.449160147207E+12
-2.385133086792E-05  1.430578963137E+05  1.484216852866E+12
-2.375494475289E-05  1.461601834655E+05  1.516402890770E+12
-2.365855863786E-05  1.484737382702E+05  1.540405879208E+12
-2.356217252282E-05  1.535533279369E+05  1.593106308776E+12
-2.346578640779E-05  1.560689617954E+05  1.619205854937E+12
-2.336940029276E-05  1.589679220343E+05  1.649282388657E+12
-2.327301417773E-05  1.632831525640E+05  1.694052639313E+12
-2.317662806269E-05  1.669834241232E+05  1.732442728569E+12
-2.308024194766E-05  1.694944382683E+05  1.758494345488E+12
-2.298385583263E-05  1.747408516312E+05  1.812925560617E+12
-2.288746971760E-05  1.762783492052E+05  1.828877003142E+12
-2.279108360256E-05  1.821139948663E+05  1.889421467031E+12
-2.269469748753E-05  1.858439976354E+05  1.928120015757E+12
-2.259831137250E-05  1.911171505198E+05  1.982828651774E+12
-2.250192525747E-05  1.952729354455E+05  2.025944664120E+12
-2.240553914243E-05  1.999222898468E+05  2.074181429340E+12
-2.230915302740E-05  2.041412819048E+05  2.117953211786E+12
-2.221276691237E-05  2.065282666432E+05  2.142718031258E+12
-2.211638079734E-05  2.125916127472E+05  2.205624873203E+12
-2.201999468230E-05  2.165457669945E+05  2.246648979693E+12
-2.192360856727E-05  2.213991965736E+05  2.297003012299E+12
-2.182722245224E-05  2.247967020243E+05  2.332251921849E+12
-2.173083633721E-05  2.302726580727E+05  2.389064628187E+12
-2.163445022217E-05  2.353324205345E+05  2.441559351728E+12
-2.153806410714E-05  2.405274972715E+05  2.495457952530E+12
-2.144167799211E-05  2.471687186966E+05  2.564360215298E+12
-2.134529187708E-05  2.519541508060E+05  2.614008778348E+12
-2.124890576204E-05  2.562398188498E+05  2.658472320035E+12
-2.115251964701E-05  2.614227888556E+05  2.712245314248E+12
-2.105613353198E-05  2.672705995473E+05  2.772915989579E+12
-2.095974741694E-05  2.700068040088E+05  2.801303942145E+12
-2.086336130191E-05  2.754490803703E+05  2.857767223808E+12
-2.076697518688E-05  2.830815787502E+05  2.936953923856E+12
-2.067058907185E-05  2.883622862246E+05  2.991740938279E+12
-2.057420295681E-05  2.936130705891E+05  3.046217502281E+12
-2.047781684178E-05  3.002032235141E+05  3.114589932509E+12
-2.038143072675E-05  3.034145288996E+05  3.147907027865E+12
-2.028504461172E-05  3.116652346577E+05  3.233507591341E+12
-2.018865849668E-05  3.159960794648E+05  3.278439839162E+12
-2.009227238165E-05  3.237064893801E+05  3.358434866585E+12
-1.999588626662E-05  3.296946895077E+05  3.420562073658E+12
-1.989950015159E-05  3.373436344133E+05  3.499919405396E+12
-1.980311403655E-05  3.422136062053E+05  3.550445062441E+12
-1.970672792152E-05  3.509035703534E+05  3.640602904628E+12
-1.961034180649E-05  3.578870317193E+05  3.713055885677E+12
-1.951395569146E-05  3.641808162699E+05  3.778353512296E+12
-1.941756957642E-05  3.696689813988E+05  3.835292887091E+12
-1.932118346139E-05  3.779645618927E+05  3.921359023185E+12
-1.922479734636E-05  3.826653875278E+05  3.970129799281E+12
-1.912841123133E-05  3.926530292683E+05  4.073750966470E+12
-1.903202511629E-05  3.995773106451E+05  4.145589958782E+12
-1.893563900126E-05  4.063864285837E+05  4.216234137524E+12
-1.883925288623E-05  4.119654171823E+05  4.274115800218E+12
-1.874286677120E-05  4.217118238368E+05  4.375234168264E+12
-1.864648065616E-05  4.297923113427E+05  4.459068727871E+12
-1.855009454113E-05  4.372008332501E+05  4.535931685828E+12
-1.845370842610E-05  4.449423265431E+05  4.616249201378E+12
-1.835732231107E-05  4.533856088216E+05  4.703847734379E+12
-1.826093619603E-05  4.604907935353E+05  4.777563587656E+12
-1.816455008100E-05  4.684816123172E+05  4.860467839780E+12
-1.806816396597E-05  4.754312602168E+05  4.932570008202E+12
-1.797177785093E-05  4.852732257083E+05  5.034679793291E+12
-1.787539173590E-05  4.953248881002E+05  5.138965170790E+12
-1.777900562087E-05  5.026138062523E+05  5.214587247161E+12
-1.768261950584E-05  5.099143321091E+05  5.290329752752E+12
-1.758623339080E-05  5.191766048755E+05  5.386425261564E+12
-1.748984727577E-05  5.280625916242E+05  5.478616826145E+12
-1.739346116074E-05  5.363945514435E+05  5.565060395496E+12
-1.729707504571E-05  5.461572226449E+05  5.666347507214E+12
-1.720068893067E-05  5.570278841858E+05  5.779129950383E+12
-1.710430281564E-05  5.650143904721E+05  5.861989460630E+12
-1.700791670061E-05  5.767570935105E+05  5.983819280563E+12
-1.691153058558E-05  5.851629114513E+05  6.071029123370E+12
-1.681514447054E-05  5.927565860705E+05  6.149813029295E+12
-1.671875835551E-05  6.025603523097E+05  6.251526499497E+12
-1.662237224048E-05  6.117878283219E+05  6.347260994129E+12
-1.652598612545E-05  6.230196469820E+05  6.463790420139E+12
-1.642960001041E-05  6.323149854884E+05  6.560228983964E+12
-1.633321389538E-05  6.415050763552E+05  6.655575610018E+12
-1.623682778035E-05  6.498260321569E+05  6.741905013365E+12
-1.614044166532E-05  6.612675679774E+05  6.860610241982E+12
-1.604405555028E-05  6.696724500429E+05  6.947810375141E+12
-1.594766943525E-05  6.830720124752E+05  7.086830009118E+12
-1.585128332022E-05  6.956839032112E+05  7.217677597816E+12
-1.575489720519E-05  7.024454898860E+05  7.287828642627E+12
-1.565851109015E-05  7.118360175775E+05  7.385254788378E+12
-1.556212497512E-05  7.251468019785E+05  7.523353355755E+12
-1.546573886009E-05  7.389335839044E+05  7.666390368101E+12
-1.536935274506E-05  7.501995725917E+05  7.783274306036E+12
-1.527296663002E-05  7.594852004414E+05  7.879612122397E+12
-1.517658051499E-05  7.685436470512E+05  7.973592947402E+12
-1.508019439996E-05  7.821172902875E+05  8.114418658985E+12
-1.498380828492E-05  7.932622127246E+05  8.230046542040E+12
-1.488742216989E-05  8.001020013647E+05  8.301008927419E+12
-1.479103605486E-05  8.131767694046E+05  8.436658839603E+12
-1.469464993983E-05  8.254835764074E+05  8.564341203382E+12
-1.459826382479E-05  8.381311154906E+05  8.695558641484E+12
-1.450187770976E-05  8.478466294360E+05  8.796356499579E+12
-1.440549159473E-05  8.619516469923E+05  8.942695186967E+12
-1.430910547970E-05  8.731521193766E+05  9.058899397298E+12
-1.421271936466E-05  8.864873530124E+05  9.197251623979E+12
-1.411633324963E-05  8.996783513941E+05  9.334107418792E+12
-1.401994713460E-05  9.100583289107E+05  9.441799045466E+12
-1.392356101957E-05  9.208409573486E+05  9.553668150618E+12
-1.382717490453E-05  9.334761209040E+05  9.684757193382E+12
-1.373078878950E-05  9.488805899681E+05  9.844577610037E+12
-1.363440267447E-05  9.577724675817E+05  9.936830291977E+12
-1.353801655944E-05  9.705695152421E+05  1.006959887235E+13
-1.344163044440E-05  9.844368768091E+05  1.021347189350E+13
-1.334524432937E-05  9.947883617121E+05  1.032086791107E+13
-1.324885821434E-05  1.009466638072E+06  1.047315412320E+13
-1.315247209931E-05  1.025245886863E+06  1.063686285641E+13
-1.305608598427E-05  1.031600479421E+06  1.070279136235E+13
-1.295969986924E-05  1.050141006491E+06  1.089514818744E+13
-1.286331375421E-05  1.061419824459E+06  1.101216522837E+13
-1.276692763918E-05  1.070750059656E+06  1.110896584320E+13
-1.267054152414E-05  1.086556280878E+06  1.127295441373E+13
-1.257415540911E-05  1.101596147065E+06  1.142899209800E+13
-1.247776929408E-05  1.112583100603E+06  1.154298106348E+13
-1.238138317905E-05  1.130073021141E+06  1.172443791057E+13
-1.228499706401E-05  1.143059150722E+06  1.185916820422E+13
-1.218861094898E-05  1.151394353943E+06  1.194564542366E+13
-1.209222483395E-05  1.169128104165E+06  1.212963198870E+13
-1.199583871891E-05  1.183879110218E+06  1.228267276690E+13
-1.189945260388E-05  1.193814043206E+06  1.238574708403E+13
-1.180306648885E-05  1.207576828368E+06  1.252853513143E+13
-1.170668037382E-05  1.225888521628E+06  1.271851781985E+13
-1.161029425878E-05  1.235444765642E+06  1.281766326223E+13
-1.151390814375E-05  1.249221639080E+06  1.296059747462E+13
-1.141752202872E-05  1.263168000445E+06  1.310529011381E+13
-1.132113591369E-05  1.278687842278E+06  1.326630751583E+13
-1.122474979865E-05  1.291085302717E+06  1.339493040342E+13
-1.112836368362E-05  1.303748806857E+06  1.352631347799E+13
-1.103197756859E-05  1.317207565006E+06  1.366594726389E+13
-1.093559145356E-05  1.334211534456E+06  1.384236239841E+13
-1.083920533852E-05  1.347968912288E+06  1.398509434510E+13
-1.074281922349E-05  1.358916392427E+06  1.409867377649E+13
-1.064643310846E-05  1.375278793684E+06  1.426843268057E+13
-1.055004699343E-05  1.390700102106E+06  1.442842780452E+13
-1.045366087839E-05  1.403391734511E+06  1.456010270812E+13
-1.035727476336E-05  1.415910407071E+06  1.468998316399E+13
-1.026088864833E-05  1.432689593041E+06  1.486406618378E+13
-1.016450253330E-05  1.444049221111E+06  1.498192162453E+13
-1.006811641826E-05  1.458964912094E+06  1.513667099873E+13
-9.971730303231E-06  1.473935327924E+06  1.529198813985E+13
-9.875344188198E-06  1.489877883444E+06  1.545739117030E+13
-9.778958073166E-06  1.504757469636E+06  1.561176595952E+13
-9.682571958133E-06  1.511886254878E+06  1.568572666682E+13
-9.586185843100E-06  1.528239687243E+06  1.585539251920E+13
-9.489799728068E-06  1.547953578703E+06  1.605992292749E+13
-9.393413613035E-06  1.564709915412E+06  1.623376888760E+13
-9.297027498003E-06  1.568109063759E+06  1.626903484209E+13
-9.200641382970E-06  1.585186855409E+06  1.644621587739E+13
-9.104255267938E-06  1.596577121079E+06  1.656438918136E+13
-9.007869152905E-06  1.610694949822E+06  1.671086078402E+13
-8.911483037872E-06  1.625496963745E+06  1.686443076573E+13
-8.815096922840E-06  1.639991362196E+06  1.701480925590E+13
-8.718710807807E-06  1.657342039299E+06  1.719482146094E+13
-8.622324692775E-06  1.669176142216E+06  1.731759954898E+13
-8.525938577742E-06  1.680417658700E+06  1.743422958931E+13
-8.429552462709E-06  1.695034276969E+06  1.758587610255E+13
-8.333166347677E-06  1.711787101811E+06  1.775968562726E+13
-8.236780232644E-06  1.721070592611E+06  1.785600127186E+13
-8.140394117612E-06  1.738140074666E+06  1.803309609562E+13
-8.044008002579E-06  1.753453486687E+06  1.819197180107E+13
-7.947621887547E-06  1.772370721211E+06  1.838823694275E+13
-7.851235772514E-06  1.780470179866E+06  1.847226832687E+13
-7.754849657481E-06  1.791342368092E+06  1.858506660930E+13
-7.658463542449E-06  1.799772171274E+06  1.867252529751E+13
-7.562077427416E-06  1.813872616482E+06  1.881881654706E+13
-7.465691312384E-06  1.829519131924E+06  1.898114817996E+13
-7.369305197351E-06  1.836993879981E+06  1.905869823013E+13
-7.272919082319E-06  1.856091860110E+06  1.925683859634E+13
-7.176532967286E-06  1.869553687847E+06  1.939650422901E+13
-7.080146852253E-06  1.878750053209E+06  1.949191595256E+13
-6.983760737221E-06  1.891124125094E+06  1.962029618535E+13
-6.887374622188E-06  1.901516746951E+06  1.972811899627E+13
-6.790988507156E-06  1.913402267825E+06  1.985143054244E+13
-6.694602392123E-06  1.924923757209E+06  1.997096528435E+13
-6.598216277090E-06  1.941763899760E+06  2.014568072490E+13
-6.501830162058E-06  1.952201532596E+06  2.025397052196E+13
-6.405444047025E-06  1.964283949605E+06  2.037932485339E+13
-6.309057931993E-06  1.978911612529E+06  2.053108595424E+13
-6.212671816960E-06  1.994312166838E+06  2.069086575555E+13
-6.116285701928E-06  2.000585383489E+06  2.075594999148E+13
-6.019899586895E-06  2.012280476235E+06  2.087728585756E+13
-5.923513471862E-06  2.025069699946E+06  2.100997326494E+13
-5.827127356830E-06  2.035651833102E+06  2.111976224391E+13
-5.730741241797E-06  2.048254869810E+06  2.125051797261E+13
-5.634355126765E-06  2.059643364604E+06  2.136867290385E+13
-5.537969011732E-06  2.066880560567E+06  2.144375836570E+13
-5.441582896700E-06  2.078520248212E+06  2.156451940727E+13
-5.345196781667E-06  2.097653598694E+06  2.176302673871E+13
-5.248810666634E-06  2.105594437368E+06  2.184541245029E+13
-5.152424551602E-06  2.110598451731E+06  2.189732879075E+13
-5.056038436569E-06  2.120234509907E+06  2.199730230013E+13
-4.959652321537E-06  2.129545483985E+06  2.209390308205E+13
-4.863266206504E-06  2.139900989784E+06  2.220134081616E+13
-4.766880091471E-06  2.151548192255E+06  2.232217982359E+13
-4.670493976439E-06  2.165652778263E+06  2.246851403370E+13
-4.574107861406E-06  2.171857096504E+06  2.253288345287E+13
-4.477721746374E-06  2.179427447275E+06  2.261142537531E+13
-4.381335631341E-06  2.187618646027E+06  2.269640855726E+13
-4.284949516309E-06  2.203781122738E+06  2.286409325652E+13
-4.188563401276E-06  2.210834866523E+06  2.293727541333E+13
-4.092177286243E-06  2.215785314136E+06  2.298863600206E+13
-3.995791171211E-06  2.224894182490E+06  2.308313994955E+13
-3.899405056178E-06  2.232458255052E+06  2.316161673595E+13
-3.803018941146E-06  2.240254281682E+06  2.324250003151E+13
-3.706632826113E-06  2.244982398921E+06  2.329155395631E+13
-3.610246711080E-06  2.256612929750E+06  2.341221999649E+13
-3.513860596048E-06  2.268029795440E+06  2.353066927403E+13
-3.417474481015E-06  2.269262018501E+06  2.354345351230E+13
-3.321088365983E-06  2.276268801435E+06  2.361614845318E+13
-3.224702250950E-06  2.289320820229E+06  2.375156234334E+13
-3.128316135918E-06  2.289836599252E+06  2.375691351891E+13
-3.031930020885E-06  2.297639908959E+06  2.383787237594E+13
-2.935543905852E-06  2.303965694713E+06  2.390350201307E+13
-2.839157790820E-06  2.309884233764E+06  2.396490649076E+13
-2.742771675787E-06  2.316821690070E+06  2.403688217215E+13
-2.646385560755E-06  2.323278252324E+06  2.410386860740E+13
-2.549999445722E-06  2.329171852558E+06  2.416501434642E+13
-2.453613330690E-06  2.329705564102E+06  2.417055157078E+13
-2.357227215657E-06  2.335397770058E+06  2.422960785657E+13
-2.260841100624E-06  2.341802574992E+06  2.429605731282E+13
-2.164454985592E-06  2.347156831460E+06  2.435160739352E+13
-2.068068870559E-06  2.354224226893E+06  2.442493118534E+13
-1.971682755527E-06  2.363234688180E+06  2.451841416558E+13
-1.875296640494E-06  2.359345300964E+06  2.447806201305E+13
-1.778910525461E-06  2.363670385023E+06  2.452293449346E+13
-1.682524410429E-06  2.371933049536E+06  2.460865912828E+13
-1.586138295396E-06  2.376624603974E+06  2.465733371628E+13
-1.489752180364E-06  2.375752623190E+06  2.464828696941E+13
-1.393366065331E-06  2.384268759562E+06  2.473664135914E+13
-1.296979950299E-06  2.387531721422E+06  2.477049438724E+13
-1.200593835266E-06  2.389610050325E+06  2.479205692144E+13
-1.104207720233E-06  2.389251790033E+06  2.478833999301E+13
-1.007821605201E-06  2.385907695143E+06  2.475364521473E+13
-9.114354901683E-07  2.385924571359E+06  2.475382030444E+13
-8.150493751357E-07  2.392583908413E+06  2.482291051574E+13
-7.186632601031E-07  2.393132387753E+06  2.482860095507E+13
-6.222771450705E-07  2.401362895474E+06  2.491399196516E+13
-5.258910300379E-07  2.403029773529E+06  2.493128572219E+13
-4.295049150054E-07  2.400912427549E+06  2.490931838820E+13
-3.331187999728E-07  2.397892367380E+06  2.487798545018E+13
-2.367326849402E-07  2.404157509144E+06  2.494298590966E+13
-1.403465699076E-07  2.401222320254E+06  2.491253350591E+13
-4.396045487505E-08  2.401334324655E+06  2.491369554467E+13
 5.242566015753E-08  2.398102022440E+06  2.488016060850E+13
 1.488117751901E-07  2.397181865350E+06  2.487061403543E+13
 2.451978902227E-07  2.395570959895E+06  2.485390099067E+13
 3.415840052553E-07  2.393574518786E+06  2.483318803727E+13
 4.379701202878E-07  2.393570514862E+06  2.483314649680E+13
 5.343562353204E-07  2.396951544841E+06  2.486822447435E+13
 6.307423503530E-07  2.393555848108E+06  2.483299433014E+13
 7.271284653856E-07  2.394428783350E+06  2.484205097945E+13
 8.235145804182E-07  2.391752869408E+06  2.481428853730E+13
 9.199006954507E-07  2.385154215753E+06  2.474582791252E+13
 1.016286810483E-06  2.378918744280E+06  2.468113528049E+13
 1.112672925516E-06  2.380939283498E+06  2.470209825028E+13
 1.209059040548E-06  2.377897095143E+06  2.467053573369E+13
 1.305445155581E-06  2.376857136779E+06  2.465974622980E+13
 1.401831270614E-06  2.375026833063E+06  2.464075694160E+13
 1.498217385646E-06  2.375204305587E+06  2.464259820809E+13
 1.594603500679E-06  2.367870252396E+06  2.456650785848E+13
 1.690989615711E-06  2.359096636234E+06  2.447548213180E+13
 1.787375730744E-06  2.354870142151E+06  2.443163251631E+13
 1.883761845777E-06  2.355536524581E+06  2.443854619294E+13
 1.980147960809E-06  2.348089369760E+06  2.436128242088E+13
 2.076534075842E-06  2.348948743475E+06  2.437019837018E+13
 2.172920190874E-06  2.345515407292E+06  2.433457771900E+13
 2.269306305907E-06  2.340077352134E+06  2.427815823205E+13
 2.365692420939E-06  2.335374190216E+06  2.422936321717E+13
 2.462078535972E-06  2.324089257122E+06  2.411228273218E+13
 2.558464651005E-06  2.319808426811E+06  2.406786938167E+13
 2.654850766037E-06  2.310010783422E+06  2.396621943566E+13
 2.751236881070E-06  2.306824442045E+06  2.393316134036E+13
 2.847622996102E-06  2.299628577665E+06  2.385850469113E+13
 2.944009111135E-06  2.291802267787E+06  2.377730720874E+13
 3.040395226167E-06  2.284493901177E+06  2.370148335582E+13
 3.136781341200E-06  2.278183731350E+06  2.363601573297E+13
 3.233167456233E-06  2.269681886665E+06  2.354780961861E+13
 3.329553571265E-06  2.266075712172E+06  2.351039578062E+13
 3.425939686298E-06  2.259319495827E+06  2.344030045264E+13
 3.522325801330E-06  2.246760428496E+06  2.331000090352E+13
 3.618711916363E-06  2.238882991524E+06  2.322827298068E+13
 3.715098031396E-06  2.229720399864E+06  2.313321165720E+13
 3.811484146428E-06  2.222278859199E+06  2.305600613167E+13
 3.907870261461E-06  2.214867195196E+06  2.297911057467E+13
 4.004256376493E-06  2.206807625659E+06  2.289549303770E+13
 4.100642491526E-06  2.196020954611E+06  2.278358199071E+13
 4.197028606558E-06  2.193480183712E+06  2.275722164931E+13
 4.293414721591E-06  2.178272463285E+06  2.259944248763E+13
 4.389800836624E-06  2.167867047738E+06  2.249148694297E+13
 4.486186951656E-06  2.160394686184E+06  2.241396165261E+13
 4.582573066689E-06  2.150123536748E+06  2.230739911056E+13
 4.678959181721E-06  2.139762242312E+06  2.219990131970E+13
 4.775345296754E-06  2.131887626694E+06  2.211820266823E+13
 4.871731411787E-06  2.118962837756E+06  2.198410877998E+13
 4.968117526819E-06  2.108763705373E+06  2.187829341042E+13
 5.064503641852E-06  2.101116989826E+06  2.179895920814E+13
 5.160889756884E-06  2.089161398032E+06  2.167492068049E+13
 5.257275871917E-06  2.080578703945E+06  2.158587575857E+13
 5.353661986949E-06  2.071096351327E+06  2.148749693488E+13
 5.450048101982E-06  2.060359108519E+06  2.137609870283E+13
 5.546434217015E-06  2.045518577451E+06  2.122212910812E+13
 5.642820332047E-06  2.032982716266E+06  2.109207032132E+13
 5.739206447080E-06  2.027409051039E+06  2.103424388828E+13
 5.835592562112E-06  2.011984252726E+06  2.087421255693E+13
 5.931978677145E-06  2.003817089338E+06  2.078947874038E+13
 6.028364792177E-06  1.987498224458E+06  2.062017152353E+13
 6.124750907210E-06  1.976685776465E+06  2.050799304233E+13
 6.221137022243E-06  1.964911458350E+06  2.038583521792E+13
 6.317523137275E-06  1.951615534933E+06  2.024789083234E+13
 6.413909252308E-06  1.943176089220E+06  2.016033210346E+13
 6.510295367340E-06  1.930729556165E+06  2.003120009052E+13
 6.606681482373E-06  1.920352267590E+06  1.992353636144E+13
 6.703067597406E-06  1.906119584952E+06  1.977587315671E+13
 6.799453712438E-06  1.893390924366E+06  1.964381408801E+13
 6.895839827471E-06  1.879030345574E+06  1.949482396857E+13
 6.992225942503E-06  1.864603156573E+06  1.934514277231E+13
 7.088612057536E-06  1.854635653880E+06  1.924173054649E+13
 7.184998172568E-06  1.845535252595E+06  1.914731444432E+13
 7.281384287601E-06  1.828726330805E+06  1.897292291724E+13
 7.377770402634E-06  1.815678982036E+06  1.883755747830E+13
 7.474156517666E-06  1.800214095366E+06  1.867711023271E+13
 7.570542632699E-06  1.785343828754E+06  1.852283213355E+13
 7.666928747731E-06  1.776383528391E+06  1.842986956981E+13
 7.763314862764E-06  1.770368877930E+06  1.836746794216E+13
 7.859700977796E-06  1.749370802752E+06  1.814961420699E+13
 7.956087092829E-06  1.734719142821E+06  1.799760413867E+13
 8.052473207862E-06  1.729728073147E+06  1.794582209857E+13
 8.148859322894E-06  1.710610565899E+06  1.774747913971E+13
 8.245245437927E-06  1.696874669643E+06  1.760497006306E+13
 8.341631552959E-06  1.682708152263E+06  1.745799331879E+13
 8.438017667992E-06  1.664393779160E+06  1.726798282717E+13
 8.534403783025E-06  1.654087252311E+06  1.716105324664E+13
 8.630789898057E-06  1.638522248686E+06  1.699956729382E+13
 8.727176013090E-06  1.628171117251E+06  1.689217494346E+13
 8.823562128122E-06  1.613369721256E+06  1.673861137271E+13
 8.919948243155E-06  1.601738855066E+06  1.661794185319E+13
 9.016334358187E-06  1.585828025227E+06  1.645286797472E+13
 9.112720473220E-06  1.572311381407E+06  1.631263362857E+13
 9.209106588253E-06  1.560045842929E+06  1.618537942318E+13
 9.305492703285E-06  1.542552891220E+06  1.600389112787E+13
 9.401878818318E-06  1.526922951881E+06  1.584173147102E+13
 9.498264933350E-06  1.509699805333E+06  1.566304238762E+13
 9.594651048383E-06  1.498383757365E+06  1.554563908773E+13
 9.691037163415E-06  1.487273525096E+06  1.543037111304E+13
 9.787423278448E-06  1.471832510330E+06  1.527017153697E+13
 9.883809393481E-06  1.458969187676E+06  1.513671535763E+13
 9.980195508513E-06  1.447624630611E+06  1.501901627762E+13
 1.007658162355E-05  1.433928122720E+06  1.487691585283E+13
 1.017296773858E-05  1.417761176676E+06  1.470918478451E+13
 1.026935385361E-05  1.407252525792E+06  1.460015817960E+13
 1.036573996864E-05  1.384717931638E+06  1.436636315480E+13
 1.046212608368E-05  1.374643765316E+06  1.426184430041E+13
 1.055851219871E-05  1.362845037299E+06  1.413943322478E+13
 1.065489831374E-05  1.345403877909E+06  1.395848227158E+13
 1.075128442877E-05  1.331228082451E+06  1.381140926783E+13
 1.084767054381E-05  1.324519273948E+06  1.374180579330E+13
 1.094405665884E-05  1.308712218280E+06  1.357780856545E+13
 1.104044277387E-05  1.295330844203E+06  1.343897763454E+13
 1.113682888890E-05  1.280983475094E+06  1.329012456474E+13
 1.123321500394E-05  1.266945618075E+06  1.314448266378E+13
 1.132960111897E-05  1.250727216098E+06  1.297621774335E+13
 1.142598723400E-05  1.235406824894E+06  1.281726962931E+13
 1.152237334903E-05  1.220155743183E+06  1.265904059698E+13
 1.161875946407E-05  1.210142983935E+06  1.255515883720E+13
 1.171514557910E-05  1.195830076130E+06  1.240666330130E+13
 1.181153169413E-05  1.179902365285E+06  1.224141428344E+13
 1.190791780916E-05  1.168880117366E+06  1.212705914095E+13
 1.200430392420E-05  1.157980940885E+06  1.201398085703E+13
 1.210069003923E-05  1.144752779311E+06  1.187673949639E+13
 1.219707615426E-05  1.128163306054E+06  1.170462473430E+13
 1.229346226930E-05  1.115462110130E+06  1.157285060978E+13
 1.238984838433E-05  1.102495109631E+06  1.143831877920E+13
 1.248623449936E-05  1.090095805227E+06  1.130967676058E+13
 1.258262061439E-05  1.076926759662E+06  1.117304872489E+13
 1.267900672943E-05  1.062496188057E+06  1.102333243432E+13
 1.277539284446E-05  1.053099457657E+06  1.092584193586E+13
 1.287177895949E-05  1.035969559301E+06  1.074812029669E+13
 1.296816507452E-05  1.026651978210E+06  1.065145096742E+13
 1.306455118956E-05  1.012114111746E+06  1.050062149931E+13
 1.316093730459E-05  9.972273699052E+05  1.034617247067E+13
 1.325732341962E-05  9.862198006993E+05  1.023196961892E+13
 1.335370953465E-05  9.726822319170E+05  1.009151817757E+13
 1.345009564969E-05  9.603564021530E+05  9.963638453821E+12
 1.354648176472E-05  9.466124275611E+05  9.821045564925E+12
 1.364286787975E-05  9.320620507436E+05  9.670086302665E+12
 1.373925399478E-05  9.238925415959E+05  9.585328149014E+12
 1.383564010982E-05  9.129207587000E+05  9.471496578023E+12
 1.393202622485E-05  9.025085826459E+05  9.363470893508E+12
 1.402841233988E-05  8.878490896957E+05  9.211379558099E+12
 1.412479845491E-05  8.765562423451E+05  9.094216963189E+12
 1.422118456995E-05  8.627490984898E+05  8.950968697080E+12
 1.431757068498E-05  8.515108805672E+05  8.834372879116E+12
 1.441395680001E-05  8.364807590516E+05  8.678436295196E+12
 1.451034291504E-05  8.258478872665E+05  8.568120906080E+12
 1.460672903008E-05  8.137483471499E+05  8.442588923465E+12
 1.470311514511E-05  7.988645215293E+05  8.288170150434E+12
 1.479950126014E-05  7.925194434999E+05  8.222340357136E+12
 1.489588737517E-05  7.813514842773E+05  8.106473468852E+12
 1.499227349021E-05  7.690170990864E+05  7.978504983072E+12
 1.508865960524E-05  7.564146884030E+05  7.847755749335E+12
 1.518504572027E-05  7.494212565637E+05  7.775199325239E+12
 1.528143183531E-05  7.359742850211E+05  7.635687824666E+12
 1.537781795034E-05  7.235168492600E+05  7.506442696808E+12
 1.547420406537E-05  7.164844512886E+05  7.433482001494E+12
 1.557059018040E-05  7.074715047153E+05  7.339973236561E+12
 1.566697629544E-05  6.958244420172E+05  7.219135679263E+12
 1.576336241047E-05  6.824899476876E+05  7.080791122839E+12
 1.585974852550E-05  6.742667975318E+05  6.995476447037E+12
 1.595613464053E-05  6.628749685273E+05  6.877286923570E+12
 1.605252075557E-05  6.552639277219E+05  6.798322844534E+12
 1.614890687060E-05  6.431230775897E+05  6.672362273054E+12
 1.624529298563E-05  6.288137451977E+05  6.523903831846E+12
 1.634167910066E-05  6.213905945639E+05  6.446889101753E+12
 1.643806521570E-05  6.136886542526E+05  6.366981945949E+12
 1.653445133073E-05  6.018392840460E+05  6.244045460724E+12
 1.663083744576E-05  5.890906447689E+05  6.111779114345E+12
 1.672722356079E-05  5.822141676681E+05  6.040436088448E+12
 1.682360967583E-05  5.730257889221E+05  5.945107225541E+12
 1.691999579086E-05  5.646283434433E+05  5.857984246511E+12
 1.701638190589E-05  5.565602604095E+05  5.774278382539E+12
 1.711276802092E-05  5.464383063020E+05  5.669263732824E+12
 1.720915413596E-05  5.355285804945E+05  5.556076000298E+12
 1.730554025099E-05  5.291384936128E+05  5.489779242933E+12
 1.740192636602E-05  5.202710679792E+05  5.397780248777E+12
 1.749831248105E-05  5.121003700188E+05  5.313009761268E+12
 1.759469859609E-05  5.002656347226E+05  5.190225112336E+12
 1.769108471112E-05  4.915195582076E+05  5.099485107803E+12
 1.778747082615E-05  4.832496688917E+05  5.013685516097E+12
 1.788385694118E-05  4.774691983827E+05  4.953713491008E+12
 1.798024305622E-05  4.697536655526E+05  4.873665313659E+12
 1.807662917125E-05  4.597042211337E+05  4.769402947493E+12
 1.817301528628E-05  4.523202940584E+05  4.692795159402E+12
 1.826940140132E-05  4.439958624910E+05  4.606429695200E+12
 1.836578751635E-05  4.351669601860E+05  4.514830378202E+12
 1.846217363138E-05  4.263192872429E+05  4.423036316992E+12
 1.855855974641E-05  4.218481717075E+05  4.376648769015E+12
 1.865494586145E-05  4.144609720101E+05  4.300007027672E+12
 1.875133197648E-05  4.075286126111E+05  4.228084226378E+12
 1.884771809151E-05  3.988868229391E+05  4.138426191410E+12
 1.894410420654E-05  3.926435277646E+05  4.073652388955E+12
 1.904049032158E-05  3.858343267479E+05  4.003007348283E+12
 1.913687643661E-05  3.806128156792E+05  3.948834492920E+12
 1.923326255164E-05  3.720461574413E+05  3.859955941948E+12
 1.932964866667E-05  3.651746814552E+05  3.788664802308E+12
 1.942603478171E-05  3.587033789744E+05  3.721525438111E+12
 1.952242089674E-05  3.514572341068E+05  3.646347131929E+12
 1.961880701177E-05  3.432492894674E+05  3.561190212422E+12
 1.971519312680E-05  3.368679799213E+05  3.494984519373E+12
 1.981157924184E-05  3.318086948284E+05  3.442494748504E+12
 1.990796535687E-05  3.236431189453E+05  3.357777402232E+12
 2.000435147190E-05  3.194143467623E+05  3.313904151592E+12
 2.010073758693E-05  3.102524629237E+05  3.218850171716E+12
 2.019712370197E-05  3.066092266744E+05  3.181051820283E+12
 2.029350981700E-05  2.987874736224E+05  3.099901614681E+12
 2.038989593203E-05  2.923527018297E+05  3.033141254120E+12
 2.048628204706E-05  2.878093172778E+05  2.986003919553E+12
 2.058266816210E-05  2.798866070212E+05  2.903806289180E+12
 2.067905427713E-05  2.766866000031E+05  2.870606413689E+12
 2.077544039216E-05  2.713017725830E+05  2.814739161250E+12
 2.087182650719E-05  2.651926943775E+05  2.751357851573E+12
 2.096821262223E-05  2.607638065109E+05  2.705408413056E+12
 2.106459873726E-05  2.564044321112E+05  2.660180172472E+12
 2.116098485229E-05  2.512892170565E+05  2.607110131699E+12
 2.125737096733E-05  2.456760768669E+05  2.548874148355E+12
 2.135375708236E-05  2.415148996700E+05  2.505702191527E+12
 2.145014319739E-05  2.348720872719E+05  2.436783422513E+12
 2.154652931242E-05  2.319374813447E+05  2.406337066976E+12
 2.164291542746E-05  2.262631796346E+05  2.347466536629E+12
 2.173930154249E-05  2.204447150371E+05  2.287100325213E+12
 2.183568765752E-05  2.165180979966E+05  2.246361915546E+12
 2.193207377255E-05  2.128840106731E+05  2.208658483654E+12
 2.202845988759E-05  2.071442593747E+05  2.149108917863E+12
 2.212484600262E-05  2.041055238070E+05  2.117582223726E+12
 2.222123211765E-05  1.983964846920E+05  2.058351294945E+12
 2.231761823268E-05  1.949854471280E+05  2.022961990553E+12
 2.241400434772E-05  1.906352237012E+05  1.977828690748E+12
 2.251039046275E-05  1.863518506955E+05  1.933388959940E+12
 2.260677657778E-05  1.837721852753E+05  1.906625090275E+12
 2.270316269281E-05  1.793881999113E+05  1.861141512454E+12
 2.279954880785E-05  1.749416425897E+05  1.815008754431E+12
 2.289593492288E-05  1.719826296033E+05  1.784309177159E+12
 2.299232103791E-05  1.688804838996E+05  1.752124606771E+12
 2.308870715294E-05  1.638012341674E+05  1.699427704001E+12
 2.318509326798E-05  1.589915579578E+05  1.649527609906E+12
 2.328147938301E-05  1.564334628399E+05  1.622987530798E+12
 2.337786549804E-05  1.530059245516E+05  1.587427032409E+12
 2.347425161307E-05  1.497587965672E+05  1.553738279799E+12
 2.357063772811E-05  1.460175476477E+05  1.514923052956E+12
 2.366702384314E-05  1.428138401075E+05  1.481684784777E+12
 2.376340995817E-05  1.399252396466E+05  1.451715733115E+12
 2.385979607320E-05  1.374851356857E+05  1.426399804985E+12
 2.395618218824E-05  1.343373077487E+05  1.393741284243E+12
 2.405256830327E-05  1.301369451444E+05  1.350162781231E+12
 2.414895441830E-05  1.281881102803E+05  1.329943739687E+12
 2.424534053334E-05  1.235797818704E+05  1.282132616597E+12
 2.434172664837E-05  1.210309178620E+05  1.255688309682E+12
 2.443811276340E-05  1.172789666627E+05  1.216762047345E+12
 2.453449887843E-05  1.145465197250E+05  1.188413078858E+12
 2.463088499347E-05  1.118566346314E+05  1.160505686879E+12
 2.472727110850E-05  1.101613492699E+05  1.142917205789E+12
 2.482365722353E-05  1.084072859642E+05  1.124718907154E+12
 2.492004333856E-05  1.053779882008E+05  1.093290129654E+12
 2.501642945360E-05  1.021860189276E+05  1.060173645271E+12
 2.511281556863E-05  9.892305887545E+04  1.026320635934E+12
 2.520920168366E-05  9.736524110565E+04  1.010158372632E+12
 2.530558779869E-05  9.485933213347E+04  9.841597215678E+11
 2.540197391373E-05  9.119555063615E+04  9.461482144532E+11
 2.549836002876E-05  9.053417796719E+04  9.392865137950E+11
 2.559474614379E-05  8.796629067701E+04  9.126448415031E+11
 2.569113225882E-05  8.610066070740E+04  8.932890456088E+11
 2.578751837386E-05  8.440319538812E+04  8.756779475923E+11
 2.588390448889E-05  8.274093933493E+04  8.584321435402E+11
 2.598029060392E-05  8.013387150936E+04  8.313839756097E+11
 2.607667671895E-05  7.835946698786E+04  8.129746381143E+11
 2.617306283399E-05  7.574287604046E+04  7.858276683821E+11
 2.626944894902E-05  7.476824634878E+04  7.757159454295E+11
 2.636583506405E-05  7.173615237971E+04  7.442581574687E+11
 2.646222117908E-05  7.032611242729E+04  7.296290799097E+11
 2.655860729412E-05  6.803832055829E+04  7.058933803411E+11
 2.665499340915E-05  6.725768623975E+04  6.977943474225E+11
 2.675137952418E-05  6.566734322855E+04  6.812946367467E+11
 2.684776563921E-05  6.400370340460E+04  6.640344761584E+11
 2.694415175425E-05  6.225606983514E+04  6.459028856396E+11
 2.704053786928E-05  5.991682416680E+04  6.216333560757E+11
 2.713692398431E-05  5.853658449533E+04  6.073134545940E+11
 2.723331009934E-05  5.799313824925E+04  6.016752333015E+11
 2.732969621438E-05  5.627876060074E+04  5.838886709120E+11
 2.742608232941E-05  5.440465936324E+04  5.644449861357E+11
 2.752246844444E-05  5.351684842597E+04  5.552340024067E+11
 2.761885455948E-05  5.145201359401E+04  5.338114683492E+11
 2.771524067451E-05  4.975830046590E+04  5.162392990845E+11
 2.781162678954E-05  4.954219823467E+04  5.139972517610E+11
 2.790801290457E-05  4.806586042061E+04  4.986803379757E+11
 2.800439901961E-05  4.619978751822E+04  4.793199466812E+11
 2.810078513464E-05  4.589028552862E+04  4.761088826239E+11
 2.819717124967E-05  4.399509731487E+04  4.564464217694E+11
 2.829355736470E-05  4.294842749989E+04  4.455872869798E+11
 2.838994347974E-05  4.164337939471E+04  4.320474933618E+11
 2.848632959477E-05  4.037803395159E+04  4.189196124145E+11
 2.858271570980E-05  3.928866857341E+04  4.076175137895E+11
 2.867910182483E-05  3.806050494656E+04  3.948753918933E+11
 2.877548793987E-05  3.655227755732E+04  3.792276257319E+11
 2.887187405490E-05  3.623738545200E+04  3.759606395563E+11
 2.896826016993E-05  3.454253877236E+04  3.583767097645E+11
 2.906464628496E-05  3.441537616356E+04  3.570574055394E+11
 2.916103240000E-05  3.326883979175E+04  3.451621613809E+11
 2.925741851503E-05  3.264722968246E+04  3.387129948273E+11
 2.935380463006E-05  3.110725493473E+04  3.227358517792E+11
 2.945019074509E-05  3.009483391994E+04  3.122320461797E+11
 2.954657686013E-05  2.945476933252E+04  3.055914155536E+11
 2.964296297516E-05  2.903243652811E+04  3.012097387502E+11
 2.973934909019E-05  2.835925005954E+04  2.942254706495E+11
 2.983573520522E-05  2.752802561081E+04  2.856015682498E+11
 2.993212132026E-05  2.647426625254E+04  2.746688798858E+11
 3.002850743529E-05  2.581444803408E+04  2.678233065557E+11
 3.012489355032E-05  2.473765173649E+04  2.566516113667E+11
 3.022127966535E-05  2.414826948201E+04  2.505368068196E+11
 3.031766578039E-05  2.310867497401E+04  2.397510779037E+11
 3.041405189542E-05  2.313802900352E+04  2.400556241498E+11
 3.051043801045E-05  2.268328114185E+04  2.353376431261E+11
 3.060682412549E-05  2.130386975786E+04  2.210263350760E+11
 3.070321024052E-05  2.038093987356E+04  2.114509944370E+11
 3.079959635555E-05  1.982835095484E+04  2.057179184796E+11
 3.089598247058E-05  1.963483022560E+04  2.037101528468E+11
 3.099236858562E-05  1.864246133336E+04  1.934143867824E+11
 3.108875470065E-05  1.892436780665E+04  1.963391490595E+11
 3.118514081568E-05  1.804499641282E+04  1.872157250732E+11
 3.128152693071E-05  1.750977847331E+04  1.816628719540E+11
 3.137791304575E-05  1.676420754666E+04  1.739276195642E+11
 3.147429916078E-05  1.698387831870E+04  1.762066902786E+11
 3.157068527581E-05  1.598236579574E+04  1.658160596091E+11
 3.166707139084E-05  1.546735330508E+04  1.604728367759E+11
 3.176345750588E-05  1.536659473317E+04  1.594274728054E+11
 3.185984362091E-05  1.437768329617E+04  1.491675776258E+11
 3.195622973594E-05  1.393592846319E+04  1.445843984736E+11
 3.205261585097E-05  1.344546261961E+04  1.394958455901E+11
 3.214900196601E-05  1.282443050800E+04  1.330526757269E+11
 3.224538808104E-05  1.301067543048E+04  1.349849553131E+11
 3.234177419607E-05  1.260199936166E+04  1.307449662994E+11
 3.243816031110E-05  1.227122007335E+04  1.273131515800E+11
 3.253454642614E-05  1.220316068918E+04  1.266070396660E+11
 3.263093254117E-05  1.127221783802E+04  1.169485649900E+11
 3.272731865620E-05  1.080015112272E+04  1.120509019278E+11
 3.282370477123E-05  1.048857478875E+04  1.088183166756E+11
 3.292009088627E-05  9.921442009830E+03  1.029343490655E+11
 3.301647700130E-05  9.723304950670E+03  1.008786892944E+11
 3.311286311633E-05  9.304178549008E+03  9.653027872181E+10
 3.320924923136E-05  9.287911079249E+03  9.636150472617E+10
 3.330563534640E-05  9.348885092836E+03  9.699410635729E+10
 3.340202146143E-05  8.669919793038E+03  8.994988323896E+10
 3.349840757646E-05  8.706346598865E+03  9.032780910323E+10
 3.359479369150E-05  8.173959940854E+03  8.480433035496E+10
 3.369117980653E-05  7.834048560624E+03  8.127777074505E+10
 3.378756592156E-05  7.621774867011E+03  7.907544426326E+10
 3.388395203659E-05  7.321970733715E+03  7.596499486715E+10
 3.398033815163E-05  7.096411037913E+03  7.362482693191E+10
 3.407672426666E-05  7.144655748865E+03  7.412536283312E+10
 3.417311038169E-05  7.228063844392E+03  7.499071668101E+10
 3.426949649672E-05  6.632898196833E+03  6.881590978733E+10
 3.436588261176E-05  6.364053324975E+03  6.602666081960E+10
 3.446226872679E-05  6.058406598922E+03  6.285559488391E+10
 3.455865484182E-05  6.004063197157E+03  6.229178544158E+10
 3.465504095685E-05  5.621804938816E+03  5.832587958250E+10
 3.475142707189E-05  5.602941463431E+03  5.813017218856E+10
 3.484781318692E-05  5.371356528968E+03  5.572749277375E+10
 3.494419930195E-05  5.099139623019E+03  5.290325916026E+10
 3.504058541698E-05  4.813167904101E+03  4.993632021038E+10
 3.513697153202E-05  4.744152747014E+03  4.922029221129E+10
 3.523335764705E-05  4.766227582873E+03  4.944931727212E+10
 3.532974376208E-05  4.839850260727E+03  5.021314801506E+10
 3.542612987711E-05  4.547116815108E+03  4.717605656760E+10
 3.552251599215E-05  4.302045950677E+03  4.463346146094E+10
 3.561890210718E-05  4.148584908280E+03  4.304131260896E+10
 3.571528822221E-05  3.799781484900E+03  3.942249859967E+10
 3.581167433724E-05  3.711709555389E+03  3.850875776178E+10
 3.590806045228E-05  3.646495880458E+03  3.783216990565E+10
 3.600444656731E-05  3.474425514487E+03  3.604695046909E+10
 3.610083268234E-05  3.159927728747E+03  3.278405533493E+10
 3.619721879737E-05  3.329107679726E+03  3.453928689418E+10
 3.629360491241E-05  3.004746239520E+03  3.117405695317E+10
 3.638999102744E-05  2.892675261315E+03  3.001132746493E+10
 3.648637714247E-05  3.074459660541E+03  3.189732939752E+10
 3.658276325751E-05  2.823012680156E+03  2.928858248101E+10
 3.667914937254E-05  2.708579360211E+03  2.810134384289E+10
 3.677553548757E-05  2.864951425156E+03  2.972369437431E+10
 3.687192160260E-05  2.564477034135E+03  2.660629109565E+10
 3.696830771764E-05  2.542231882426E+03  2.637549901836E+10
 3.706469383267E-05  2.325303854355E+03  2.412488410358E+10
 3.716107994770E-05  2.292343067572E+03  2.378291797316E+10
 3.725746606273E-05  2.312958181318E+03  2.399679850708E+10
 3.735385217777E-05  2.166258503587E+03  2.247479839658E+10
 3.745023829280E-05  2.228383628513E+03  2.311934273686E+10
 3.754662440783E-05  1.928929991865E+03  2.001252972187E+10
 3.764301052286E-05  1.821036402244E+03  1.889314038260E+10
 3.773939663790E-05  1.693156720232E+03  1.756639656718E+10
 3.783578275293E-05  1.871004130768E+03  1.941155248488E+10
 3.793216886796E-05  1.805137188562E+03  1.872818702104E+10
 3.802855498299E-05  1.507637101413E+03  1.564164196164E+10
 3.812494109803E-05  1.588833999239E+03  1.648405476974E+10
 3.822132721306E-05  1.535677686224E+03  1.593256129998E+10
 3.831771332809E-05  1.487377084185E+03  1.543144553219E+10
 3.841409944312E-05  1.405427584429E+03  1.458122452549E+10
 3.851048555816E-05  1.486466780263E+03  1.542200118514E+10
 3.860687167319E-05  1.509570570130E+03  1.566170158036E+10
 3.870325778822E-05  1.165467626595E+03  1.209165475962E+10
 3.879964390325E-05  1.185824205621E+03  1.230285301177E+10
 3.889603001829E-05  1.181679384968E+03  1.225985075307E+10
 3.899241613332E-05  1.048709354698E+03  1.088029488836E+10
 3.908880224835E-05  1.078899336954E+03  1.119351409266E+10
 3.918518836338E-05  1.003283471760E+03  1.040900415398E+10
 3.928157447842E-05  1.033966054130E+03  1.072733405408E+10
 3.937796059345E-05  9.945213614322E+02  1.031809779963E+10
 3.947434670848E-05  8.919929770023E+02  9.254372133380E+09
 3.957073282352E-05  8.168970155176E+02  8.475256163624E+09
 3.966711893855E-05  8.791442479002E+02  9.121067361238E+09
 3.976350505358E-05  7.629432301380E+02  7.915488967266E+09
 3.985989116861E-05  7.874370922159E+02  8.169611275957E+09
 3.995627728365E-05  8.053297124763E+02  8.355246107846E+09
 4.005266339868E-05  8.114537026900E+02  8.418782128689E+09
 4.014904951371E-05  7.943773860677E+02  8.241616396710E+09
 4.024543562874E-05  7.516146694318E+02  7.797955848493E+09
 4.034182174378E-05  6.515062953701E+02  6.759337640591E+09
 4.043820785881E-05  6.336253086746E+02  6.573823506222E+09
 4.053459397384E-05  6.065347471813E+02  6.292760601216E+09
 4.063098008887E-05  6.151494834690E+02  6.382137958990E+09
 4.072736620391E-05  5.510158114107E+02  5.716755066064E+09
 4.082375231894E-05  4.190935838215E+02  4.348070089554E+09
 4.092013843397E-05  5.317233893498E+02  5.516597376811E+09
 4.101652454900E-05  5.788936403567E+02  6.005985822346E+09
 4.111291066404E-05  4.509337206866E+02  4.678409546170E+09
 4.120929677907E-05  4.999048401135E+02  5.186481890514E+09
 4.130568289410E-05  4.874013301988E+02  5.056758746154E+09
 4.140206900913E-05  3.936085788444E+02  4.083664734401E+09
 4.149845512417E-05  4.131563145374E+02  4.286471286842E+09
 4.159484123920E-05  4.351199278770E+02  4.514342420897E+09
 4.169122735423E-05  3.926002396709E+02  4.073203277653E+09
 4.178761346926E-05  3.977984467426E+02  4.127134355484E+09
 4.188399958430E-05  3.164727107767E+02  3.283384859632E+09
 4.198038569933E-05  3.091296989666E+02  3.207201564895E+09
 4.207677181436E-05  3.113677317500E+02  3.230421017019E+09
 4.217315792939E-05  2.916422580874E+02  3.025770444102E+09
 4.226954404443E-05  2.374999905160E+02  2.464047756627E+09
 4.236593015946E-05  2.615394441710E+02  2.713455605951E+09
 4.246231627449E-05  2.570306777585E+02  2.666677432446E+09
 4.255870238953E-05  2.198944160440E+02  2.281391007094E+09
 4.265508850456E-05  2.633138120015E+02  2.731864562780E+09
 4.275147461959E-05  2.407498680784E+02  2.497765035939E+09
 4.284786073462E-05  2.650117467933E+02  2.749480531545E+09
 4.294424684966E-05  2.241242106439E+02  2.325274865246E+09
 4.304063296469E-05  1.827929137215E+02  1.896465208290E+09
 4.313701907972E-05  1.538484288425E+02  1.596167962476E+09
 4.323340519475E-05  1.834020561223E+02  1.902785023137E+09
 4.332979130979E-05  1.641077354338E+02  1.702607635740E+09
 4.342617742482E-05  1.303218049864E+02  1.352080690692E+09
 4.352256353985E-05  2.181318689283E+02  2.263104689452E+09
 4.361894965488E-05  1.998087883396E+02  2.073003858201E+09
 4.371533576992E-05  1.576975588012E+02  1.636102448448E+09
 4.381172188495E-05  1.480558769857E+02  1.536070594148E+09
 4.390810799998E-05  1.745192375289E+02  1.810626327972E+09
 4.400449411501E-05  1.373180997619E+02  1.424666817575E+09
 4.410088023005E-05  9.684028409572E+01  1.004711976025E+09
 4.419726634508E-05  9.688783671955E+01  1.005205331565E+09
 4.429365246011E-05  1.383042097927E+02  1.434897648338E+09
 4.439003857514E-05  1.380075634801E+02  1.431819961137E+09
 4.448642469018E-05  1.229921645243E+02  1.276036122866E+09
 4.458281080521E-05  1.115184012242E+02  1.156996536135E+09
 4.467919692024E-05  1.186977992975E+02  1.231482348442E+09
 4.477558303527E-05  8.855676050099E+01  9.187709295168E+08
 4.487196915031E-05  9.679192598415E+01  1.004210263599E+09
 4.496835526534E-05  7.944145882853E+01  8.242002367423E+08
 4.506474138037E-05  6.712613087726E+01  6.964294686488E+08
 4.516112749540E-05  4.750537323299E+01  4.928653179655E+08
 4.525751361044E-05  7.692994096961E+01  7.981433938240E+08
 4.535389972547E-05  8.471703989001E+01  8.789340649468E+08
 4.545028584050E-05  5.745550407984E+01  5.960973119461E+08
 4.554667195554E-05  4.650447500427E+01  4.824810605610E+08
 4.564305807057E-05  5.881076259945E+01  6.101580355175E+08
 4.573944418560E-05  4.373043271267E+01  4.537005428416E+08
 4.583583030063E-05  4.101445959847E+01  4.255224892570E+08
 4.593221641567E-05  4.692638838677E+01  4.868583858880E+08
 4.602860253070E-05  8.200629084697E+01  8.508102107783E+08
 4.612498864573E-05  5.761171698828E+01  5.977180112386E+08
 4.622137476076E-05  2.715159516313E+01  2.816961255670E+08
 4.631776087580E-05  3.240483494189E+01  3.361981643408E+08
 4.641414699083E-05  3.435317430965E+01  3.564120651406E+08
 4.651053310586E-05  3.358863143382E+01  3.484799799480E+08
 4.660691922089E-05  2.806802433910E+01  2.912040217579E+08
 4.670330533593E-05  1.707788646274E+01  1.771820189762E+08
 4.679969145096E-05  2.474389808541E+01  2.567164168516E+08
 4.689607756599E-05  2.712767927143E+01  2.814479996653E+08
 4.699246368102E-05  1.600405925355E+01  1.660411278963E+08
 4.708884979606E-05  2.176433521606E+01  2.258036358110E+08
 4.718523591109E-05  1.964747326042E+01  2.038413235535E+08
 4.728162202612E-05  1.172049745818E+01  1.215994384069E+08
 4.737800814115E-05  3.252040466388E+01  3.373971930800E+08
 4.747439425619E-05  4.982448649006E+01  5.169259750040E+08
 4.757078037122E-05  2.029971500387E+01  2.106082914225E+08
 4.766716648625E-05  1.494429279887E+01  1.550461162775E+08
 4.776355260128E-05  2.506159181131E+01  2.600124696678E+08
 4.785993871632E-05  1.852778025466E+01  1.922245776624E+08
 4.795632483135E-05  9.031209650665E+00  9.369824323360E+07
 4.805271094638E-05  5.629324584227E+00  5.840389543996E+07
 4.814909706141E-05  1.770314544563E+01  1.836690423683E+08
 4.824548317645E-05  2.123834799285E+01  2.203465508042E+08
 4.834186929148E-05  1.729433045422E+01  1.794276120412E+08
 4.843825540651E-05  7.672527269638E-01  7.960199731097E+06
 4.853464152155E-05  1.841129714934E+01  1.910160726274E+08
 4.863102763658E-05  2.216304323000E+01  2.299402068701E+08
 4.872741375161E-05  7.658406893696E+00  7.945549928128E+07
 4.882379986664E-05  2.691432229370E+00  2.792344341777E+07
 4.892018598168E-05  1.230745042246E+01  1.276890392180E+08
 4.901657209671E-05  6.001117348168E+00  6.226122243997E+07
 4.911295821174E-05  3.567941385338E-10  3.701717186269E-03
 4.920934432677E-05  6.999999999643E+00  7.262456835486E+07
