-4.930202946063E-05  6.999999999642E+00  7.262456835551E+07
-4.920564334560E-05  6.147001390463E+00  6.377476038369E+07
-4.910925723056E-05  8.529986098951E-01  8.849807979235E+06
-4.901287111553E-05  2.597978018097E+00  2.695386173872E+07
-4.891648500050E-05  4.402021981903E+00  4.567070662050E+07
-4.882009888547E-05  1.100110618176E+01  1.141357982749E+08
-4.872371277044E-05  2.232600559055E+00  2.316309313142E+07
-4.862732665540E-05  6.766293259183E+00  7.019987533429E+07
-4.853094054037E-05  7.566588184553E-01  7.850288583645E+06
-4.843455442534E-05  6.436552735149E+00  6.677883773022E+07
-4.833816831031E-05  6.806788446395E+00  7.062001040457E+07
-4.824178219528E-05  4.075537892637E+00  4.228345432634E+07
-4.814539608025E-05  9.451251091226E+00  9.805614727927E+07
-4.804900996521E-05  1.314915532188E+01  1.364216756486E+08
-4.795262385018E-05  1.390754265395E+01  1.442898974544E+08
-4.785623773515E-05  1.797789041719E+01  1.865195045082E+08
-4.775985162012E-05  2.349454602154E+00  2.437544662300E+07
-4.766346550509E-05  1.780607632511E+01  1.847369438975E+08
-4.756707939006E-05  1.322651633789E+01  1.372242914194E+08
-4.747069327502E-05  6.402784930730E+00  6.642849884159E+07
-4.737430715999E-05  2.517180815426E+01  2.611559574321E+08
-4.727792104496E-05  4.657241369276E+01  4.831859202691E+08
-4.718153492993E-05  3.893433693424E+01  4.039413448860E+08
-4.708514881490E-05  3.195449284756E+01  3.315258928846E+08
-4.698876269987E-05  4.319248260851E+01  4.481193436866E+08
-4.689237658483E-05  2.686341942727E+01  2.787063200798E+08
-4.679599046980E-05  1.231290026410E+01  1.277455809900E+08
-4.669960435477E-05  7.004839340502E+00  7.267477621852E+07
-4.660321823974E-05  2.619293632271E+01  2.717500992138E+08
-4.650683212471E-05  4.505596163271E+01  4.674528236550E+08
-4.641044600968E-05  2.986546506774E+01  3.098523584846E+08
-4.631405989464E-05  2.774556834950E+01  2.878585607519E+08
-4.621767377961E-05  5.593493884055E+01  5.803215413563E+08
-4.612128766458E-05  3.260908127179E+01  3.383172074221E+08
-4.602490154955E-05  1.923748499991E+01  1.995877206336E+08
-4.592851543452E-05  4.944255684973E+01  5.129634785411E+08
-4.583212931949E-05  5.982610945896E+01  6.206921965811E+08
-4.573574320445E-05  8.269796219880E+01  8.579862584107E+08
-4.563935708942E-05  7.167787596987E+01  7.436535433167E+08
-4.554297097439E-05  4.823099198784E+01  5.003935678077E+08
-4.544658485936E-05  4.209761059975E+01  4.367601141088E+08
-4.535019874433E-05  6.665168233408E+01  6.915070942754E+08
-4.525381262929E-05  9.704897172585E+01  1.006877097328E+09
-4.515742651426E-05  1.044833612328E+02  1.084008430036E+09
-4.506104039923E-05  5.487317552915E+01  5.693058124720E+08
-4.496465428420E-05  8.575708980953E+01  8.897245187371E+08
-4.486826816917E-05  8.941353479987E+01  9.276599100446E+08
-4.477188205414E-05  1.384725941761E+02  1.436644625946E+09
-4.467549593910E-05  1.009712440353E+02  1.047570430680E+09
-4.457910982407E-05  1.066160299265E+02  1.106134736227E+09
-4.448272370904E-05  1.277918354610E+02  1.325832412884E+09
-4.438633759401E-05  1.042045711823E+02  1.081116000453E+09
-4.428995147898E-05  1.461471603989E+02  1.516267777271E+09
-4.419356536395E-05  1.329947492605E+02  1.379812322727E+09
-4.409717924891E-05  1.695590256042E+02  1.759164435131E+09
-4.400079313388E-05  1.153834235998E+02  1.197095904964E+09
-4.390440701885E-05  1.670949587010E+02  1.733599892951E+09
-4.380802090382E-05  1.545845183796E+02  1.603804846048E+09
-4.371163478879E-05  1.575346953423E+02  1.634412750120E+09
-4.361524867376E-05  1.894837256900E+02  1.965881969905E+09
-4.351886255872E-05  2.055536681278E+02  2.132606631777E+09
-4.342247644369E-05  1.899061209456E+02  1.970264294635E+09
-4.332609032866E-05  2.163648088334E+02  2.244771549950E+09
-4.322970421363E-05  2.187497411886E+02  2.269515076073E+09
-4.313331809860E-05  2.229829966187E+02  2.313434840125E+09
-4.303693198357E-05  2.592326982423E+02  2.689523259206E+09
-4.294054586853E-05  2.608758367496E+02  2.706570719899E+09
-4.284415975350E-05  2.424237716140E+02  2.515131681926E+09
-4.274777363847E-05  2.227555342835E+02  2.311074932423E+09
-4.265138752344E-05  2.423877962022E+02  2.514758439247E+09
-4.255500140841E-05  2.288407928179E+02  2.374209114483E+09
-4.245861529338E-05  2.894102977235E+02  3.002613992983E+09
-4.236222917834E-05  3.013652901722E+02  3.126646302458E+09
-4.226584306331E-05  3.127409781007E+02  3.244668363258E+09
-4.216945694828E-05  4.186822204641E+02  4.343802220126E+09
-4.207307083325E-05  3.425615806998E+02  3.554055276396E+09
-4.197668471822E-05  3.486066643086E+02  3.616772646080E+09
-4.188029860318E-05  3.718505091094E+02  3.857926102604E+09
-4.178391248815E-05  3.083148410472E+02  3.198747464256E+09
-4.168752637312E-05  3.558748372920E+02  3.692179492605E+09
-4.159114025809E-05  3.981528445861E+02  4.130811211294E+09
-4.149475414306E-05  4.349771128589E+02  4.512860723930E+09
-4.139836802803E-05  4.663898900378E+02  4.838766350157E+09
-4.130198191299E-05  4.173480286965E+02  4.329960062808E+09
-4.120559579796E-05  4.488425066211E+02  4.656713329232E+09
-4.110920968293E-05  5.102959314261E+02  5.294288822184E+09
-4.101282356790E-05  4.561154845293E+02  4.732170026557E+09
-4.091643745287E-05  4.862604153013E+02  5.044921824490E+09
-4.082005133784E-05  4.869875740797E+02  5.052466051977E+09
-4.072366522280E-05  5.221259578141E+02  5.417024616484E+09
-4.062727910777E-05  5.918702971409E+02  6.140617836357E+09
-4.053089299274E-05  6.687659237276E+02  6.938405220582E+09
-4.043450687771E-05  6.444299171825E+02  6.685920653307E+09
-4.033812076268E-05  6.171380215001E+02  6.402768918501E+09
-4.024173464765E-05  7.142106022852E+02  7.409890958363E+09
-4.014534853261E-05  7.798073757073E+02  8.090453437725E+09
-4.004896241758E-05  7.975136585102E+02  8.274155029984E+09
-3.995257630255E-05  7.773243784843E+02  8.064692494645E+09
-3.985619018752E-05  7.611019922740E+02  7.896386238034E+09
-3.975980407249E-05  9.571195022249E+02  9.930055816753E+09
-3.966341795746E-05  1.057772961810E+03  1.097432925336E+10
-3.956703184242E-05  8.845463903597E+02  9.177114256225E+09
-3.947064572739E-05  1.079222979918E+03  1.119687186856E+10
-3.937425961236E-05  1.039075546622E+03  1.078034472372E+10
-3.927787349733E-05  1.099169966987E+03  1.140382062941E+10
-3.918148738230E-05  1.233513699855E+03  1.279762857388E+10
-3.908510126727E-05  1.310960146187E+03  1.360113067899E+10
-3.898871515223E-05  1.145228717089E+03  1.188167732160E+10
-3.889232903720E-05  1.125113207045E+03  1.167298014527E+10
-3.879594292217E-05  1.284307727437E+03  1.332461347794E+10
-3.869955680714E-05  1.394031897888E+03  1.446299498045E+10
-3.860317069211E-05  1.414551364090E+03  1.467588317699E+10
-3.850678457707E-05  1.453360645055E+03  1.507852707392E+10
-3.841039846204E-05  1.529497542592E+03  1.586844269103E+10
-3.831401234701E-05  1.420461623263E+03  1.473720175147E+10
-3.821762623198E-05  1.479118445227E+03  1.534576266239E+10
-3.812124011695E-05  1.606414050507E+03  1.666644671775E+10
-3.802485400192E-05  1.617027770235E+03  1.677656340545E+10
-3.792846788688E-05  1.830342216973E+03  1.898968763676E+10
-3.783208177185E-05  1.990016515095E+03  2.064629863379E+10
-3.773569565682E-05  1.896910098264E+03  1.968032530038E+10
-3.763930954179E-05  1.901602552181E+03  1.972900922042E+10
-3.754292342676E-05  2.129896782804E+03  2.209754778583E+10
-3.744653731173E-05  2.225651928552E+03  2.309100151843E+10
-3.735015119669E-05  2.279197180947E+03  2.364653021026E+10
-3.725376508166E-05  2.396139233157E+03  2.485979679094E+10
-3.715737896663E-05  2.604409869974E+03  2.702059180533E+10
-3.706099285160E-05  2.438622584135E+03  2.530055893769E+10
-3.696460673657E-05  2.766869455423E+03  2.870609998663E+10
-3.686822062154E-05  2.814338373825E+03  2.919858708797E+10
-3.677183450650E-05  2.933929049718E+03  3.043933297605E+10
-3.667544839147E-05  2.974765904309E+03  3.086301282431E+10
-3.657906227644E-05  3.057173487782E+03  3.171798642134E+10
-3.648267616141E-05  2.952948264324E+03  3.063665615480E+10
-3.638629004638E-05  3.176616885444E+03  3.295720430686E+10
-3.628990393135E-05  2.992695504511E+03  3.104903132081E+10
-3.619351781631E-05  3.415747973539E+03  3.543817460031E+10
-3.609713170128E-05  3.704630241613E+03  3.843531031824E+10
-3.600074558625E-05  3.706391227620E+03  3.845358043947E+10
-3.590435947122E-05  3.886200588659E+03  4.031909147267E+10
-3.580797335619E-05  3.940004926450E+03  4.087730815952E+10
-3.571158724116E-05  4.245187697163E+03  4.404356058719E+10
-3.561520112612E-05  4.303244441498E+03  4.464589572971E+10
-3.551881501109E-05  4.310348120636E+03  4.471959596274E+10
-3.542242889606E-05  4.640801650630E+03  4.814803095968E+10
-3.532604278103E-05  4.495764178827E+03  4.664327613316E+10
-3.522965666600E-05  4.699365814045E+03  4.875563054387E+10
-3.513327055097E-05  4.974734376603E+03  5.161256240036E+10
-3.503688443593E-05  4.900389105134E+03  5.084123479323E+10
-3.494049832090E-05  5.192029703865E+03  5.386698802163E+10
-3.484411220587E-05  5.515825809070E+03  5.722635264691E+10
-3.474772609084E-05  5.747728557926E+03  5.963232936648E+10
-3.465133997581E-05  5.870460282257E+03  6.090566343840E+10
-3.455495386077E-05  6.255487202505E+03  6.490029399407E+10
-3.445856774574E-05  6.259713475396E+03  6.494414131471E+10
-3.436218163071E-05  6.627151626958E+03  6.875628947985E+10
-3.426579551568E-05  6.589089066228E+03  6.836139275932E+10
-3.416940940065E-05  7.366431095201E+03  7.642626837670E+10
-3.407302328562E-05  7.403426215709E+03  7.681009047074E+10
-3.397663717058E-05  7.563821037966E+03  7.847417686124E+10
-3.388025105555E-05  7.823997242435E+03  8.117348893936E+10
-3.378386494052E-05  8.017223617582E+03  8.317820066660E+10
-3.368747882549E-05  8.099455828959E+03  8.403135478896E+10
-3.359109271046E-05  8.312910390803E+03  8.624593270584E+10
-3.349470659543E-05  8.450928383016E+03  8.767786086446E+10
-3.339832048039E-05  9.086982282921E+03  9.427688085500E+10
-3.330193436536E-05  9.235847197220E+03  9.582134516140E+10
-3.320554825033E-05  9.426252072119E+03  9.779678399755E+10
-3.310916213530E-05  9.948419146031E+03  1.032142351910E+11
-3.301277602027E-05  1.045970056179E+04  1.085187483523E+11
-3.291638990524E-05  1.067792716888E+04  1.107828359445E+11
-3.282000379020E-05  1.110973780814E+04  1.152628447001E+11
-3.272361767517E-05  1.120484741892E+04  1.162496010472E+11
-3.262723156014E-05  1.186320844515E+04  1.230800560978E+11
-3.253084544511E-05  1.213907973418E+04  1.259422037104E+11
-3.243445933008E-05  1.256348644764E+04  1.303453971924E+11
-3.233807321505E-05  1.296501775227E+04  1.345112597183E+11
-3.224168710001E-05  1.334258408163E+04  1.384284871036E+11
-3.214530098498E-05  1.369216654442E+04  1.420553835988E+11
-3.204891486995E-05  1.453013384193E+04  1.507492426388E+11
-3.195252875492E-05  1.459387886923E+04  1.514105933664E+11
-3.185614263989E-05  1.470095504792E+04  1.525215021177E+11
-3.175975652486E-05  1.522274440609E+04  1.579350345336E+11
-3.166337040982E-05  1.603139230124E+04  1.663247065821E+11
-3.156698429479E-05  1.652981505327E+04  1.714958119002E+11
-3.147059817976E-05  1.733616647041E+04  1.798616581310E+11
-3.137421206473E-05  1.788425496096E+04  1.855480424237E+11
-3.127782594970E-05  1.841556236602E+04  1.910603239892E+11
-3.118143983466E-05  1.865187876974E+04  1.935120921058E+11
-3.108505371963E-05  1.907043852329E+04  1.978546237393E+11
-3.098866760460E-05  1.980203897762E+04  2.054449333403E+11
-3.089228148957E-05  2.021526933388E+04  2.097321728055E+11
-3.079589537454E-05  2.104346971671E+04  2.183247007081E+11
-3.069950925951E-05  2.164713453904E+04  2.245876860160E+11
-3.060312314447E-05  2.185719509570E+04  2.267670513384E+11
-3.050673702944E-05  2.285126062476E+04  2.370804199053E+11
-3.041035091441E-05  2.387319501686E+04  2.476829262078E+11
-3.031396479938E-05  2.440386133563E+04  2.531885565426E+11
-3.021757868435E-05  2.507168226675E+04  2.601171575232E+11
-3.012119256932E-05  2.566453048328E+04  2.662679212129E+11
-3.002480645428E-05  2.691332878610E+04  2.792241266001E+11
-2.992842033925E-05  2.723527708358E+04  2.825643203341E+11
-2.983203422422E-05  2.837043141346E+04  2.943414765096E+11
-2.973564810919E-05  2.895796421548E+04  3.004370931015E+11
-2.963926199416E-05  2.955564535916E+04  3.066379981125E+11
-2.954287587913E-05  3.048906757154E+04  3.163221960083E+11
-2.944648976409E-05  3.165033668953E+04  3.283702915001E+11
-2.935010364906E-05  3.284286547829E+04  3.407427041486E+11
-2.925371753403E-05  3.319300395315E+04  3.443753692348E+11
-2.915733141900E-05  3.325840146192E+04  3.450538643556E+11
-2.906094530397E-05  3.488306079490E+04  3.619096047540E+11
-2.896455918894E-05  3.580747226202E+04  3.715003167234E+11
-2.886817307390E-05  3.696331719943E+04  3.834921366762E+11
-2.877178695887E-05  3.794452370632E+04  3.936720936810E+11
-2.867540084384E-05  3.940485386462E+04  4.088229290252E+11
-2.857901472881E-05  4.056234594733E+04  4.208318380089E+11
-2.848262861378E-05  4.158389521028E+04  4.314303486202E+11
-2.838624249875E-05  4.242306971104E+04  4.401367323196E+11
-2.828985638371E-05  4.422091978412E+04  4.587893159670E+11
-2.819347026868E-05  4.465298695192E+04  4.632719861904E+11
-2.809708415365E-05  4.633351031905E+04  4.807073124984E+11
-2.800069803862E-05  4.744698795767E+04  4.922595743387E+11
-2.790431192359E-05  4.982661991396E+04  5.169481091501E+11
-2.780792580855E-05  5.139345616176E+04  5.332039386052E+11
-2.771153969352E-05  5.207982012188E+04  5.403249223682E+11
-2.761515357849E-05  5.310519780216E+04  5.509631525733E+11
-2.751876746346E-05  5.423275048987E+04  5.626614421800E+11
-2.742238134843E-05  5.524394320529E+04  5.731525042493E+11
-2.732599523340E-05  5.742651502798E+04  5.957965523259E+11
-2.722960911836E-05  5.884059964888E+04  6.104675930711E+11
-2.713322300333E-05  6.028611436095E+04  6.254647190741E+11
-2.703683688830E-05  6.200369328263E+04  6.432844944755E+11
-2.694045077327E-05  6.386354127848E+04  6.625803027487E+11
-2.684406465824E-05  6.509990084449E+04  6.754074570084E+11
-2.674767854321E-05  6.822995311662E+04  7.078815563235E+11
-2.665129242817E-05  6.964227404028E+04  7.225342988185E+11
-2.655490631314E-05  7.141080059815E+04  7.408826528039E+11
-2.645852019811E-05  7.250721752070E+04  7.522579107669E+11
-2.636213408308E-05  7.431377926541E+04  7.710008774704E+11
-2.626574796805E-05  7.637124151296E+04  7.923469214194E+11
-2.616936185302E-05  7.907640061693E+04  8.204127803150E+11
-2.607297573798E-05  8.105148897454E+04  8.409042002354E+11
-2.597658962295E-05  8.286630815402E+04  8.597328373154E+11
-2.588020350792E-05  8.434856581310E+04  8.751111691279E+11
-2.578381739289E-05  8.750601011838E+04  9.078694590978E+11
-2.568743127786E-05  8.994189279479E+04  9.331415916618E+11
-2.559104516283E-05  9.099416321228E+04  9.440588323572E+11
-2.549465904779E-05  9.380503334665E+04  9.732214366746E+11
-2.539827293276E-05  9.545287920775E+04  9.903177358725E+11
-2.530188681773E-05  9.789772825877E+04  1.015682894020E+12
-2.520550070270E-05  1.001876489279E+05  1.039440679759E+12
-2.510911458767E-05  1.026846251335E+05  1.065346653921E+12
-2.501272847264E-05  1.045515778339E+05  1.084716173066E+12
-2.491634235760E-05  1.078186459205E+05  1.118611803008E+12
-2.481995624257E-05  1.113545229979E+05  1.155296309652E+12
-2.472357012754E-05  1.129992425256E+05  1.172360173334E+12
-2.462718401251E-05  1.150674338810E+05  1.193817531115E+12
-2.453079789748E-05  1.176178711781E+05  1.220278160806E+12
-2.443441178244E-05  1.205980377028E+05  1.251197204734E+12
-2.433802566741E-05  1.241386381820E+05  1.287930716381E+12
-2.424163955238E-05  1.280801840920E+05  1.328824012150E+12
-2.414525343735E-05  1.314714738154E+05  1.364008433914E+12
-2.404886732232E-05  1.334407172690E+05  1.384439213316E+12
-2.395248120729E-05  1.356650603214E+05  1.407516635324E+12
-2.385609509225E-05  1.396789045553E+05  1.449160021745E+12
-2.375970897722E-05  1.430579144844E+05  1.484217041399E+12
-2.366332286219E-05  1.461601666173E+05  1.516402715985E+12
-2.356693674716E-05  1.484737611620E+05  1.540406116723E+12
-2.347055063213E-05  1.535533099663E+05  1.593106122347E+12
-2.337416451710E-05  1.560689770140E+05  1.619206012844E+12
-2.327777840206E-05  1.589679380825E+05  1.649282555171E+12
-2.318139228703E-05  1.632831337952E+05  1.694052444602E+12
-2.308500617200E-05  1.669834490320E+05  1.732442987012E+12
-2.298862005697E-05  1.694944203173E+05  1.758494159262E+12
-2.289223394194E-05  1.747408647158E+05  1.812925696385E+12
-2.279584782691E-05  1.762783302353E+05  1.828876806346E+12
-2.269946171187E-05  1.821140013950E+05  1.889421534783E+12
-2.260307559684E-05  1.858440111005E+05  1.928120155475E+12
-2.250668948181E-05  1.911171544210E+05  1.982828692267E+12
-2.241030336678E-05  1.952728987945E+05  2.025944283886E+12
-2.231391725175E-05  1.999223379849E+05  2.074181928789E+12
-2.221753113672E-05  2.041412442489E+05  2.117952821127E+12
-2.212114502168E-05  2.065282993477E+05  2.142718370584E+12
-2.202475890665E-05  2.125916096691E+05  2.205624841288E+12
-2.192837279162E-05  2.165457513221E+05  2.246648817113E+12
-2.183198667659E-05  2.213992050724E+05  2.297003100494E+12
-2.173560056156E-05  2.247966981204E+05  2.332251881367E+12
-2.163921444653E-05  2.302726685769E+05  2.389064737189E+12
-2.154282833149E-05  2.353324064507E+05  2.441559205631E+12
-2.144644221646E-05  2.405275149779E+05  2.495458136255E+12
-2.135005610143E-05  2.471687117570E+05  2.564360143322E+12
-2.125366998640E-05  2.519541449231E+05  2.614008717337E+12
-2.115728387137E-05  2.562398278279E+05  2.658472413206E+12
-2.106089775634E-05  2.614228040519E+05  2.712245471932E+12
-2.096451164130E-05  2.672706017835E+05  2.772916012805E+12
-2.086812552627E-05  2.700067808887E+05  2.801303702300E+12
-2.077173941124E-05  2.754490808422E+05  2.857767228730E+12
-2.067535329621E-05  2.830815966928E+05  2.936954110036E+12
-2.057896718118E-05  2.883622792008E+05  2.991740865434E+12
-2.048258106614E-05  2.936130812702E+05  3.046217613124E+12
-2.038619495111E-05  3.002032069927E+05  3.114589761128E+12
-2.028980883608E-05  3.034145482298E+05  3.147907228443E+12
-2.019342272105E-05  3.116652445541E+05  3.233507694045E+12
-2.009703660602E-05  3.159960807396E+05  3.278439852416E+12
-2.000065049099E-05  3.237064715746E+05  3.358434681885E+12
-1.990426437595E-05  3.296946998762E+05  3.420562181262E+12
-1.980787826092E-05  3.373436296937E+05  3.499919356462E+12
-1.971149214589E-05  3.422136293377E+05  3.550445302470E+12
-1.961510603086E-05  3.509035621769E+05  3.640602819830E+12
-1.951871991583E-05  3.578870400320E+05  3.713055971955E+12
-1.942233380080E-05  3.641807981098E+05  3.778353323920E+12
-1.932594768576E-05  3.696690192845E+05  3.835293280188E+12
-1.922956157073E-05  3.779645322402E+05  3.921358715577E+12
-1.913317545570E-05  3.826653797221E+05  3.970129718333E+12
-1.903678934067E-05  3.926530499834E+05  4.073751181425E+12
-1.894040322564E-05  3.995773383028E+05  4.145590245767E+12
-1.884401711061E-05  4.063864066851E+05  4.216233910366E+12
-1.874763099557E-05  4.119654282239E+05  4.274115914812E+12
-1.865124488054E-05  4.217118086772E+05  4.375234011024E+12
-1.855485876551E-05  4.297923178398E+05  4.459068795318E+12
-1.845847265048E-05  4.372008501212E+05  4.535931860905E+12
-1.836208653545E-05  4.449423126989E+05  4.616249057787E+12
-1.826570042042E-05  4.533856079865E+05  4.703847725758E+12
-1.816931430538E-05  4.604907925946E+05  4.777563577939E+12
-1.807292819035E-05  4.684816496928E+05  4.860468227593E+12
-1.797654207532E-05  4.754312612777E+05  4.932570019253E+12
-1.788015596029E-05  4.852731983831E+05  5.034679509838E+12
-1.778376984526E-05  4.953249054378E+05  5.138965350712E+12
-1.768738373023E-05  5.026137896519E+05  5.214587074980E+12
-1.759099761519E-05  5.099143359780E+05  5.290329792939E+12
-1.749461150016E-05  5.191766032798E+05  5.386425245057E+12
-1.739822538513E-05  5.280626124708E+05  5.478617042476E+12
-1.730183927010E-05  5.363945278451E+05  5.565060150714E+12
-1.720545315507E-05  5.461572471010E+05  5.666347760995E+12
-1.710906704003E-05  5.570278674840E+05  5.779129777154E+12
-1.701268092500E-05  5.650144132435E+05  5.861989696935E+12
-1.691629480997E-05  5.767570777549E+05  5.983819117153E+12
-1.681990869494E-05  5.851629386021E+05  6.071029405113E+12
-1.672352257991E-05  5.927565911270E+05  6.149813081811E+12
-1.662713646488E-05  6.025603609938E+05  6.251526589650E+12
-1.653075034984E-05  6.117877793753E+05  6.347260486367E+12
-1.643436423481E-05  6.230196650500E+05  6.463790607651E+12
-1.633797811978E-05  6.323150354955E+05  6.560229502844E+12
-1.624159200475E-05  6.415050822645E+05  6.655575671386E+12
-1.614520588972E-05  6.498260161348E+05  6.741904847198E+12
-1.604881977469E-05  6.612675869865E+05  6.860610439262E+12
-1.595243365965E-05  6.696724700318E+05  6.947810582587E+12
-1.585604754462E-05  6.830719304455E+05  7.086829158129E+12
-1.575966142959E-05  6.956839203960E+05  7.217677776172E+12
-1.566327531456E-05  7.024455081443E+05  7.287828832122E+12
-1.556688919953E-05  7.118360308786E+05  7.385254926442E+12
-1.547050308450E-05  7.251468490498E+05  7.523353844184E+12
-1.537411696946E-05  7.389335674647E+05  7.666390197608E+12
-1.527773085443E-05  7.501995554633E+05  7.783274128399E+12
-1.518134473940E-05  7.594851871811E+05  7.879611984892E+12
-1.508495862437E-05  7.685436591974E+05  7.973593073490E+12
-1.498857250934E-05  7.821173090738E+05  8.114418853965E+12
-1.489218639431E-05  7.932622354913E+05  8.230046778318E+12
-1.479580027927E-05  8.001020001539E+05  8.301008914932E+12
-1.469941416424E-05  8.131767610130E+05  8.436658752616E+12
-1.460302804921E-05  8.254835856281E+05  8.564341299123E+12
-1.450664193418E-05  8.381311075954E+05  8.695558559649E+12
-1.441025581915E-05  8.478466034000E+05  8.796356229536E+12
-1.431386970412E-05  8.619516911981E+05  8.942695645680E+12
-1.421748358908E-05  8.731520795867E+05  9.058898984563E+12
-1.412109747405E-05  8.864873626583E+05  9.197251724137E+12
-1.402471135902E-05  8.996783357726E+05  9.334107256803E+12
-1.392832524399E-05  9.100583936346E+05  9.441799717056E+12
-1.383193912896E-05  9.208408929175E+05  9.553667482236E+12
-1.373555301392E-05  9.334762146574E+05  9.684758166156E+12
-1.363916689889E-05  9.488805676770E+05  9.844577378856E+12
-1.354278078386E-05  9.577724429091E+05  9.936830036089E+12
-1.344639466883E-05  9.705695632066E+05  1.006959937007E+13
-1.335000855380E-05  9.844368753593E+05  1.021347187855E+13
-1.325362243877E-05  9.947883016152E+05  1.032086728766E+13
-1.315723632373E-05  1.009466669754E+06  1.047315445198E+13
-1.306085020870E-05  1.025245881126E+06  1.063686279697E+13
-1.296446409367E-05  1.031600551386E+06  1.070279210907E+13
-1.286807797864E-05  1.050140938954E+06  1.089514748684E+13
-1.277169186361E-05  1.061419859719E+06  1.101216559428E+13
-1.267530574858E-05  1.070750033737E+06  1.110896557440E+13
-1.257891963354E-05  1.086556288323E+06  1.127295449107E+13
-1.248253351851E-05  1.101596153266E+06  1.142899216245E+13
-1.238614740348E-05  1.112583161850E+06  1.154298169901E+13
-1.228976128845E-05  1.130072956295E+06  1.172443723790E+13
-1.219337517342E-05  1.143059176251E+06  1.185916846919E+13
-1.209698905839E-05  1.151394337382E+06  1.194564525194E+13
-1.200060294335E-05  1.169128117067E+06  1.212963212266E+13
-1.190421682832E-05  1.183879107727E+06  1.228267274116E+13
-1.180783071329E-05  1.193814028746E+06  1.238574693412E+13
-1.171144459826E-05  1.207576861716E+06  1.252853547753E+13
-1.161505848323E-05  1.225888523884E+06  1.271851784337E+13
-1.151867236820E-05  1.235444783348E+06  1.281766344605E+13
-1.142228625316E-05  1.249221643731E+06  1.296059752300E+13
-1.132590013813E-05  1.263167932196E+06  1.310528940584E+13
-1.122951402310E-05  1.278687934095E+06  1.326630846855E+13
-1.113312790807E-05  1.291085288160E+06  1.339493025251E+13
-1.103674179304E-05  1.303748777615E+06  1.352631317473E+13
-1.094035567801E-05  1.317207604957E+06  1.366594767850E+13
-1.084396956297E-05  1.334211550333E+06  1.384236256326E+13
-1.074758344794E-05  1.347968850432E+06  1.398509370347E+13
-1.065119733291E-05  1.358916405428E+06  1.409867391150E+13
-1.055481121788E-05  1.375278861096E+06  1.426843338009E+13
-1.045842510285E-05  1.390700044373E+06  1.442842720567E+13
-1.036203898781E-05  1.403391766230E+06  1.456010303733E+13
-1.026565287278E-05  1.415910405311E+06  1.468998314586E+13
-1.016926675775E-05  1.432689639874E+06  1.486406666979E+13
-1.007288064272E-05  1.444049204408E+06  1.498192145137E+13
-9.976494527688E-06  1.458964956146E+06  1.513667145590E+13
-9.880108412656E-06  1.473935331523E+06  1.529198817733E+13
-9.783722297625E-06  1.489877822837E+06  1.545739054164E+13
-9.687336182593E-06  1.504757518428E+06  1.561176646588E+13
-9.590950067561E-06  1.511886296211E+06  1.568572709579E+13
-9.494563952530E-06  1.528239626445E+06  1.585539188858E+13
-9.398177837498E-06  1.547953615300E+06  1.605992330732E+13
-9.301791722466E-06  1.564709892621E+06  1.623376865128E+13
-9.205405607434E-06  1.568109087141E+06  1.626903508483E+13
-9.109019492403E-06  1.585186850026E+06  1.644621582169E+13
-9.012633377371E-06  1.596577119043E+06  1.656438916039E+13
-8.916247262339E-06  1.610695012152E+06  1.671086143084E+13
-8.819861147308E-06  1.625496949662E+06  1.686443061977E+13
-8.723475032276E-06  1.639991355389E+06  1.701480918542E+13
-8.627088917244E-06  1.657342057618E+06  1.719482165116E+13
-8.530702802212E-06  1.669176148016E+06  1.731759960931E+13
-8.434316687181E-06  1.680417606060E+06  1.743422904333E+13
-8.337930572149E-06  1.695034351557E+06  1.758587687655E+13
-8.241544457117E-06  1.711787077100E+06  1.775968537104E+13
-8.145158342086E-06  1.721070570996E+06  1.785600104776E+13
-8.048772227054E-06  1.738140143664E+06  1.803309681163E+13
-7.952386112022E-06  1.753453449512E+06  1.819197141554E+13
-7.855999996990E-06  1.772370687747E+06  1.838823659573E+13
-7.759613881959E-06  1.780470180675E+06  1.847226833543E+13
-7.663227766927E-06  1.791342356065E+06  1.858506648469E+13
-7.566841651895E-06  1.799772153111E+06  1.867252510923E+13
-7.470455536864E-06  1.813872669874E+06  1.881881710117E+13
-7.374069421832E-06  1.829519200671E+06  1.898114889338E+13
-7.277683306800E-06  1.836993823499E+06  1.905869764431E+13
-7.181297191768E-06  1.856091876668E+06  1.925683876830E+13
-7.084911076737E-06  1.869553669347E+06  1.939650403725E+13
-6.988524961705E-06  1.878750003056E+06  1.949191543240E+13
-6.892138846673E-06  1.891124212362E+06  1.962029709092E+13
-6.795752731642E-06  1.901516748717E+06  1.972811901477E+13
-6.699366616610E-06  1.913402262751E+06  1.985143048997E+13
-6.602980501578E-06  1.924923788412E+06  1.997096560825E+13
-6.506594386546E-06  1.941763907487E+06  2.014568080525E+13
-6.410208271515E-06  1.952201448135E+06  2.025396964586E+13
-6.313822156483E-06  1.964283998735E+06  2.037932536330E+13
-6.217436041451E-06  1.978911636249E+06  2.053108620052E+13
-6.121049926420E-06  1.994312182753E+06  2.069086592085E+13
-6.024663811388E-06  2.000585292524E+06  2.075594904791E+13
-5.928277696356E-06  2.012280513290E+06  2.087728624219E+13
-5.831891581324E-06  2.025069717445E+06  2.100997344668E+13
-5.735505466293E-06  2.035651857852E+06  2.111976250088E+13
-5.639119351261E-06  2.048254847697E+06  2.125051774338E+13
-5.542733236229E-06  2.059643361656E+06  2.136867287346E+13
-5.446347121198E-06  2.066880603263E+06  2.144375880885E+13
-5.349961006166E-06  2.078520260167E+06  2.156451953150E+13
-5.253574891134E-06  2.097653525321E+06  2.176302597766E+13
-5.157188776103E-06  2.105594497031E+06  2.184541306949E+13
-5.060802661071E-06  2.110598496847E+06  2.189732925901E+13
-4.964416546039E-06  2.120234437054E+06  2.199730154449E+13
-4.868030431007E-06  2.129545454674E+06  2.209390277815E+13
-4.771644315976E-06  2.139901055420E+06  2.220134149733E+13
-4.675258200944E-06  2.151548191581E+06  2.232217981681E+13
-4.578872085912E-06  2.165652785648E+06  2.246851411052E+13
-4.482485970881E-06  2.171857115641E+06  2.253288365161E+13
-4.386099855849E-06  2.179427432938E+06  2.261142522676E+13
-4.289713740817E-06  2.187618685253E+06  2.269640896444E+13
-4.193327625785E-06  2.203781093055E+06  2.286409294876E+13
-4.096941510754E-06  2.210834867705E+06  2.293727542579E+13
-4.000555395722E-06  2.215785374944E+06  2.298863663314E+13
-3.904169280690E-06  2.224894150544E+06  2.308313961831E+13
-3.807783165659E-06  2.232458216859E+06  2.316161633992E+13
-3.711397050627E-06  2.240254275974E+06  2.324249997250E+13
-3.615010935595E-06  2.244982467589E+06  2.329155466896E+13
-3.518624820563E-06  2.256612906229E+06  2.341221975268E+13
-3.422238705532E-06  2.268029730898E+06  2.353066860462E+13
-3.325852590500E-06  2.269262109858E+06  2.354345446034E+13
-3.229466475468E-06  2.276268724370E+06  2.361614765385E+13
-3.133080360437E-06  2.289320766440E+06  2.375156178550E+13
-3.036694245405E-06  2.289836630800E+06  2.375691384642E+13
-2.940308130373E-06  2.297639977001E+06  2.383787308209E+13
-2.843922015341E-06  2.303965687481E+06  2.390350193826E+13
-2.747535900310E-06  2.309884279359E+06  2.396490696403E+13
-2.651149785278E-06  2.316821643478E+06  2.403688168899E+13
-2.554763670246E-06  2.323278285748E+06  2.410386895440E+13
-2.458377555215E-06  2.329171788710E+06  2.416501368422E+13
-2.361991440183E-06  2.329705611339E+06  2.417055206108E+13
-2.265605325151E-06  2.335397800398E+06  2.422960817156E+13
-2.169219210119E-06  2.341802504443E+06  2.429605658110E+13
-2.072833095088E-06  2.347156897765E+06  2.435160808165E+13
-1.976446980056E-06  2.354224217627E+06  2.442493108943E+13
-1.880060865024E-06  2.363234683020E+06  2.451841411226E+13
-1.783674749993E-06  2.359345284386E+06  2.447806184127E+13
-1.687288634961E-06  2.363670306247E+06  2.452293367638E+13
-1.590902519929E-06  2.371933161964E+06  2.460866029494E+13
-1.494516404897E-06  2.376624573099E+06  2.465733339617E+13
-1.398130289866E-06  2.375752575579E+06  2.464828647568E+13
-1.301744174834E-06  2.384268858185E+06  2.473664238257E+13
-1.205358059802E-06  2.387531688006E+06  2.477049404077E+13
-1.108971944771E-06  2.389610103078E+06  2.479205746898E+13
-1.012585829739E-06  2.389251697900E+06  2.478833903736E+13
-9.161997147071E-07  2.385907798720E+06  2.475364628956E+13
-8.198135996754E-07  2.385924500928E+06  2.475381957393E+13
-7.234274846437E-07  2.392583915868E+06  2.482291059330E+13
-6.270413696120E-07  2.393132301398E+06  2.482860005936E+13
-5.306552545803E-07  2.401362964669E+06  2.491399268327E+13
-4.342691395486E-07  2.403029797435E+06  2.493128597044E+13
-3.378830245168E-07  2.400912431451E+06  2.490931842891E+13
-2.414969094851E-07  2.397892327381E+06  2.487798503541E+13
-1.451107944534E-07  2.404157521138E+06  2.494298603432E+13
-4.872467942171E-08  2.401222305705E+06  2.491253335519E+13
 4.766143561001E-08  2.401334416868E+06  2.491369650159E+13
 1.440475506417E-07  2.398101973816E+06  2.488016010425E+13
 2.404336656734E-07  2.397181944801E+06  2.487061485996E+13
 3.368197807051E-07  2.395570884087E+06  2.485390020439E+13
 4.332058957369E-07  2.393574519657E+06  2.483318804653E+13
 5.295920107686E-07  2.393570575016E+06  2.483314712112E+13
 6.259781258003E-07  2.396951463732E+06  2.486822363307E+13
 7.223642408320E-07  2.393555877428E+06  2.483299463455E+13
 8.187503558637E-07  2.394428786598E+06  2.484205101336E+13
 9.151364708954E-07  2.391752806026E+06  2.481428787995E+13
 1.011522585927E-06  2.385154241322E+06  2.474582817802E+13
 1.107908700959E-06  2.378918765146E+06  2.468113549720E+13
 1.204294815991E-06  2.380939267775E+06  2.470209808738E+13
 1.300680931022E-06  2.377897101255E+06  2.467053579733E+13
 1.397067046054E-06  2.376857087606E+06  2.465974571984E+13
 1.493453161086E-06  2.375026865045E+06  2.464075727364E+13
 1.589839276117E-06  2.375204330574E+06  2.464259846756E+13
 1.686225391149E-06  2.367870307582E+06  2.456650843125E+13
 1.782611506181E-06  2.359096558619E+06  2.447548132678E+13
 1.878997621213E-06  2.354870186567E+06  2.443163297735E+13
 1.975383736244E-06  2.355536467306E+06  2.443854559893E+13
 2.071769851276E-06  2.348089428049E+06  2.436128302584E+13
 2.168155966308E-06  2.348948704042E+06  2.437019796128E+13
 2.264542081339E-06  2.345515414950E+06  2.433457779866E+13
 2.360928196371E-06  2.340077398711E+06  2.427815871551E+13
 2.457314311403E-06  2.335374207752E+06  2.422936339932E+13
 2.553700426435E-06  2.324089167305E+06  2.411228180055E+13
 2.650086541466E-06  2.319808425174E+06  2.406786936491E+13
 2.746472656498E-06  2.310010782802E+06  2.396621942945E+13
 2.842858771530E-06  2.306824443420E+06  2.393316135484E+13
 2.939244886561E-06  2.299628585882E+06  2.385850477660E+13
 3.035631001593E-06  2.291802226811E+06  2.377730678383E+13
 3.132017116625E-06  2.284493918279E+06  2.370148353347E+13
 3.228403231657E-06  2.278183733738E+06  2.363601575795E+13
 3.324789346688E-06  2.269681917223E+06  2.354780993586E+13
 3.421175461720E-06  2.266075747436E+06  2.351039614669E+13
 3.517561576752E-06  2.259319422522E+06  2.344029969233E+13
 3.613947691783E-06  2.246760404506E+06  2.331000065483E+13
 3.710333806815E-06  2.238883076653E+06  2.322827386409E+13
 3.806719921847E-06  2.229720403488E+06  2.313321169501E+13
 3.903106036879E-06  2.222278885231E+06  2.305600640196E+13
 3.999492151910E-06  2.214867079604E+06  2.297910937561E+13
 4.095878266942E-06  2.206807647359E+06  2.289549326304E+13
 4.192264381974E-06  2.196020994970E+06  2.278358240964E+13
 4.288650497005E-06  2.193480179012E+06  2.275722160075E+13
 4.385036612037E-06  2.178272405265E+06  2.259944188588E+13
 4.481422727069E-06  2.167867032320E+06  2.249148678320E+13
 4.577808842101E-06  2.160394705864E+06  2.241396185699E+13
 4.674194957132E-06  2.150123560074E+06  2.230739935276E+13
 4.770581072164E-06  2.139762161566E+06  2.219990048216E+13
 4.866967187196E-06  2.131887683010E+06  2.211820325271E+13
 4.963353302227E-06  2.118962839070E+06  2.198410879381E+13
 5.059739417259E-06  2.108763638002E+06  2.187829271165E+13
 5.156125532291E-06  2.101117041741E+06  2.179895974694E+13
 5.252511647323E-06  2.089161432605E+06  2.167492103938E+13
 5.348897762354E-06  2.080578606456E+06  2.158587474733E+13
 5.445283877386E-06  2.071096411203E+06  2.148749755628E+13
 5.541669992418E-06  2.060359089188E+06  2.137609850247E+13
 5.638056107449E-06  2.045518593199E+06  2.122212927169E+13
 5.734442222481E-06  2.032982763123E+06  2.109207080765E+13
 5.830828337513E-06  2.027409092244E+06  2.103424431597E+13
 5.927214452545E-06  2.011984172815E+06  2.087421172804E+13
 6.023600567576E-06  2.003817199880E+06  2.078947988744E+13
 6.119986682608E-06  1.987498122563E+06  2.062017046656E+13
 6.216372797640E-06  1.976685771447E+06  2.050799299045E+13
 6.312758912671E-06  1.964911435342E+06  2.038583497940E+13
 6.409145027703E-06  1.951615562270E+06  2.024789111615E+13
 6.505531142735E-06  1.943175989004E+06  2.016033106391E+13
 6.601917257766E-06  1.930729608456E+06  2.003120063321E+13
 6.698303372798E-06  1.920352260170E+06  1.992353628465E+13
 6.794689487830E-06  1.906119540400E+06  1.977587269466E+13
 6.891075602862E-06  1.893390929579E+06  1.964381414228E+13
 6.987461717893E-06  1.879030415335E+06  1.949482469250E+13
 7.083847832925E-06  1.864603110329E+06  1.934514229270E+13
 7.180233947957E-06  1.854635631797E+06  1.924173031755E+13
 7.276620062988E-06  1.845535272293E+06  1.914731464885E+13
 7.373006178020E-06  1.828726287877E+06  1.897292247204E+13
 7.469392293052E-06  1.815679064415E+06  1.883755833315E+13
 7.565778408084E-06  1.800214043301E+06  1.867710969271E+13
 7.662164523115E-06  1.785343804647E+06  1.852283188362E+13
 7.758550638147E-06  1.776383519818E+06  1.842986948103E+13
 7.854936753179E-06  1.770368838673E+06  1.836746753504E+13
 7.951322868210E-06  1.749370813697E+06  1.814961432070E+13
 8.047708983242E-06  1.734719196313E+06  1.799760469381E+13
 8.144095098274E-06  1.729728057789E+06  1.794582193939E+13
 8.240481213306E-06  1.710610542290E+06  1.774747889494E+13
 8.336867328337E-06  1.696874669480E+06  1.760497006153E+13
 8.433253443369E-06  1.682708218922E+06  1.745799401054E+13
 8.529639558401E-06  1.664393708759E+06  1.726798209692E+13
 8.626025673432E-06  1.654087246772E+06  1.716105318933E+13
 8.722411788464E-06  1.638522283728E+06  1.699956765753E+13
 8.818797903496E-06  1.628171091557E+06  1.689217467704E+13
 8.915184018528E-06  1.613369681774E+06  1.673861096324E+13
 9.011570133559E-06  1.601738926546E+06  1.661794259494E+13
 9.107956248591E-06  1.585827990087E+06  1.645286761029E+13
 9.204342363623E-06  1.572311371505E+06  1.631263352597E+13
 9.300728478654E-06  1.560045815467E+06  1.618537913842E+13
 9.397114593686E-06  1.542552858825E+06  1.600389079192E+13
 9.493500708718E-06  1.526923004968E+06  1.584173202194E+13
 9.589886823750E-06  1.509699758278E+06  1.566304189957E+13
 9.686272938781E-06  1.498383810450E+06  1.554563963863E+13
 9.782659053813E-06  1.487273551367E+06  1.543037138572E+13
 9.879045168845E-06  1.471832409182E+06  1.527017048770E+13
 9.975431283876E-06  1.458969261416E+06  1.513671612281E+13
 1.007181739891E-05  1.447624565835E+06  1.501901560571E+13
 1.016820351394E-05  1.433928167674E+06  1.487691631935E+13
 1.026458962897E-05  1.417761089029E+06  1.470918387532E+13
 1.036097574400E-05  1.407252595672E+06  1.460015890472E+13
 1.045736185903E-05  1.384717904546E+06  1.436636287385E+13
 1.055374797407E-05  1.374643757524E+06  1.426184421970E+13
 1.065013408910E-05  1.362845045876E+06  1.413943331389E+13
 1.074652020413E-05  1.345403856616E+06  1.395848205079E+13
 1.084290631916E-05  1.331228115454E+06  1.381140961035E+13
 1.093929243419E-05  1.324519263231E+06  1.374180568223E+13
 1.103567854923E-05  1.308712190552E+06  1.357780827790E+13
 1.113206466426E-05  1.295330857174E+06  1.343897776923E+13
 1.122845077929E-05  1.280983425436E+06  1.329012404966E+13
 1.132483689432E-05  1.266945588174E+06  1.314448235368E+13
 1.142122300935E-05  1.250727296824E+06  1.297621858100E+13
 1.151760912438E-05  1.235406794132E+06  1.281726931027E+13
 1.161399523942E-05  1.220155735783E+06  1.265904052032E+13
 1.171038135445E-05  1.210142999937E+06  1.255515900334E+13
 1.180676746948E-05  1.195830036041E+06  1.240666288550E+13
 1.190315358451E-05  1.179902387811E+06  1.224141451726E+13
 1.199953969954E-05  1.168880104145E+06  1.212705900389E+13
 1.209592581457E-05  1.157980939434E+06  1.201398084208E+13
 1.219231192961E-05  1.144752769567E+06  1.187673939540E+13
 1.228869804464E-05  1.128163267522E+06  1.170462433464E+13
 1.238508415967E-05  1.115462111163E+06  1.157285062061E+13
 1.248147027470E-05  1.102495090219E+06  1.143831857790E+13
 1.257785638973E-05  1.090095813175E+06  1.130967684314E+13
 1.267424250476E-05  1.076926805022E+06  1.117304919560E+13
 1.277062861980E-05  1.062496187091E+06  1.102333242440E+13
 1.286701473483E-05  1.053099452739E+06  1.092584188493E+13
 1.296340084986E-05  1.035969511007E+06  1.074811979574E+13
 1.305978696489E-05  1.026651999494E+06  1.065145118834E+13
 1.315617307992E-05  1.012114081667E+06  1.050062118733E+13
 1.325255919495E-05  9.972274202953E+05  1.034617299356E+13
 1.334894530999E-05  9.862197543421E+05  1.023196913806E+13
 1.344533142502E-05  9.726822235058E+05  1.009151809040E+13
 1.354171754005E-05  9.603563961900E+05  9.963638392045E+12
 1.363810365508E-05  9.466124034800E+05  9.821045315173E+12
 1.373448977011E-05  9.320621025140E+05  9.670086839867E+12
 1.383087588514E-05  9.238925482190E+05  9.585328217815E+12
 1.392726200018E-05  9.129206932366E+05  9.471495898929E+12
 1.402364811521E-05  9.025086092493E+05  9.363471169601E+12
 1.412003423024E-05  8.878490734408E+05  9.211379389538E+12
 1.421642034527E-05  8.765562395773E+05  9.094216934554E+12
 1.431280646030E-05  8.627491121988E+05  8.950968839390E+12
 1.440919257534E-05  8.515108639171E+05  8.834372706452E+12
 1.450557869037E-05  8.364807885184E+05  8.678436600990E+12
 1.460196480540E-05  8.258478550436E+05  8.568120571847E+12
 1.469835092043E-05  8.137483484995E+05  8.442588937543E+12
 1.479473703546E-05  7.988645329933E+05  8.288170269447E+12
 1.489112315049E-05  7.925194119803E+05  8.222340030196E+12
 1.498750926553E-05  7.813514562371E+05  8.106473178010E+12
 1.508389538056E-05  7.690171342551E+05  7.978505348017E+12
 1.518028149559E-05  7.564146849954E+05  7.847755714052E+12
 1.527666761062E-05  7.494212419433E+05  7.775199173623E+12
 1.537305372565E-05  7.359743265198E+05  7.635688255281E+12
 1.546943984068E-05  7.235167884908E+05  7.506442066399E+12
 1.556582595572E-05  7.164845066247E+05  7.433482575669E+12
 1.566221207075E-05  7.074714927095E+05  7.339973112068E+12
 1.575859818578E-05  6.958243770383E+05  7.219135005175E+12
 1.585498430081E-05  6.824899694008E+05  7.080791348176E+12
 1.595137041584E-05  6.742667915655E+05  6.995476385200E+12
 1.604775653087E-05  6.628749631262E+05  6.877286867596E+12
 1.614414264591E-05  6.552639193305E+05  6.798322757535E+12
 1.624052876094E-05  6.431231279081E+05  6.672362795165E+12
 1.633691487597E-05  6.288137090301E+05  6.523903456667E+12
 1.643330099100E-05  6.213906072256E+05  6.446889233176E+12
 1.652968710603E-05  6.136886169604E+05  6.366981559102E+12
 1.662607322106E-05  6.018393015264E+05  6.244045642138E+12
 1.672245933610E-05  5.890906870257E+05  6.111779552810E+12
 1.681884545113E-05  5.822141163629E+05  6.040435556214E+12
 1.691523156616E-05  5.730257695151E+05  5.945107024249E+12
 1.701161768119E-05  5.646283400033E+05  5.857984210874E+12
 1.710800379622E-05  5.565602521617E+05  5.774278297020E+12
 1.720438991125E-05  5.464383158930E+05  5.669263832381E+12
 1.730077602629E-05  5.355286069574E+05  5.556076274899E+12
 1.739716214132E-05  5.291384624105E+05  5.489778919260E+12
 1.749354825635E-05  5.202710700157E+05  5.397780269954E+12
 1.758993437138E-05  5.121003724768E+05  5.313009786817E+12
 1.768632048641E-05  5.002656320387E+05  5.190225084538E+12
 1.778270660145E-05  4.915195304473E+05  5.099484819837E+12
 1.787909271648E-05  4.832496942368E+05  5.013685779096E+12
 1.797547883151E-05  4.774692380240E+05  4.953713902328E+12
 1.807186494654E-05  4.697536125624E+05  4.873664763932E+12
 1.816825106157E-05  4.597042332408E+05  4.769403073146E+12
 1.826463717660E-05  4.523202749243E+05  4.692794960928E+12
 1.836102329164E-05  4.439958654062E+05  4.606429725486E+12
 1.845740940667E-05  4.351669512245E+05  4.514830285268E+12
 1.855379552170E-05  4.263192730032E+05  4.423036169297E+12
 1.865018163673E-05  4.218481948766E+05  4.376649009433E+12
 1.874656775176E-05  4.144609800704E+05  4.300007111336E+12
 1.884295386679E-05  4.075285892783E+05  4.228083984340E+12
 1.893933998183E-05  3.988868183369E+05  4.138426143700E+12
 1.903572609686E-05  3.926435472355E+05  4.073652591001E+12
 1.913211221189E-05  3.858342924158E+05  4.003006992126E+12
 1.922849832692E-05  3.806128149498E+05  3.948834485388E+12
 1.932488444195E-05  3.720461982943E+05  3.859956365830E+12
 1.942127055698E-05  3.651746544773E+05  3.788664522449E+12
 1.951765667202E-05  3.587033966484E+05  3.721525621510E+12
 1.961404278705E-05  3.514572112026E+05  3.646346894331E+12
 1.971042890208E-05  3.432492988802E+05  3.561190310112E+12
 1.980681501711E-05  3.368679448392E+05  3.494984155429E+12
 1.990320113214E-05  3.318087393291E+05  3.442495210227E+12
 1.999958724717E-05  3.236431260043E+05  3.357777475498E+12
 2.009597336221E-05  3.194142845012E+05  3.313903505667E+12
 2.019235947724E-05  3.102525052499E+05  3.218850610877E+12
 2.028874559227E-05  3.066092001126E+05  3.181051544735E+12
 2.038513170730E-05  2.987875146262E+05  3.099902040122E+12
 2.048151782233E-05  2.923526649230E+05  3.033140871243E+12
 2.057790393736E-05  2.878093206950E+05  2.986003955034E+12
 2.067429005240E-05  2.798866136597E+05  2.903806358080E+12
 2.077067616743E-05  2.766865928134E+05  2.870606339122E+12
 2.086706228246E-05  2.713018026615E+05  2.814739473339E+12
 2.096344839749E-05  2.651926423881E+05  2.751357312211E+12
 2.105983451252E-05  2.607638130006E+05  2.705408480410E+12
 2.115622062756E-05  2.564044281803E+05  2.660180131712E+12
 2.125260674259E-05  2.512892378883E+05  2.607110347851E+12
 2.134899285762E-05  2.456760784458E+05  2.548874164759E+12
 2.144537897265E-05  2.415148759103E+05  2.505701945045E+12
 2.154176508768E-05  2.348720558557E+05  2.436783096595E+12
 2.163815120271E-05  2.319374897681E+05  2.406337154390E+12
 2.173453731775E-05  2.262632107008E+05  2.347466858959E+12
 2.183092343278E-05  2.204446987788E+05  2.287100156555E+12
 2.192730954781E-05  2.165180913356E+05  2.246361846458E+12
 2.202369566284E-05  2.128840266787E+05  2.208658649730E+12
 2.212008177787E-05  2.071442421545E+05  2.149108739224E+12
 2.221646789290E-05  2.041055412655E+05  2.117582404876E+12
 2.231285400794E-05  1.983964699791E+05  2.058351142318E+12
 2.240924012297E-05  1.949854375460E+05  2.022961891159E+12
 2.250562623800E-05  1.906352531507E+05  1.977828996303E+12
 2.260201235303E-05  1.863518147493E+05  1.933388587018E+12
 2.269839846806E-05  1.837722007495E+05  1.906625250836E+12
 2.279478458309E-05  1.793881942482E+05  1.861141453716E+12
 2.289117069813E-05  1.749416646922E+05  1.815008983759E+12
 2.298755681316E-05  1.719825870624E+05  1.784308735816E+12
 2.308394292819E-05  1.688804983422E+05  1.752124756627E+12
 2.318032904322E-05  1.638012497404E+05  1.699427865586E+12
 2.327671515825E-05  1.589915533115E+05  1.649527561716E+12
 2.337310127328E-05  1.564334445642E+05  1.622987341203E+12
 2.346948738832E-05  1.530059316267E+05  1.587427105827E+12
 2.356587350335E-05  1.497587969173E+05  1.553738283445E+12
 2.366225961838E-05  1.460175491974E+05  1.514923069047E+12
 2.375864573341E-05  1.428138297039E+05  1.481684676854E+12
 2.385503184844E-05  1.399252574866E+05  1.451715918217E+12
 2.395141796347E-05  1.374851291023E+05  1.426399736695E+12
 2.404780407851E-05  1.343372942158E+05  1.393741143852E+12
 2.414419019354E-05  1.301369525910E+05  1.350162858501E+12
 2.424057630857E-05  1.281881424618E+05  1.329944073580E+12
 2.433696242360E-05  1.235797544992E+05  1.282132332635E+12
 2.443334853863E-05  1.210309155682E+05  1.255688285894E+12
 2.452973465366E-05  1.172789452146E+05  1.216761824834E+12
 2.462612076870E-05  1.145465289661E+05  1.188413174744E+12
 2.472250688373E-05  1.118566498303E+05  1.160505844576E+12
 2.481889299876E-05  1.101613398083E+05  1.142917107636E+12
 2.491527911379E-05  1.084072829365E+05  1.124718875752E+12
 2.501166522882E-05  1.053779921389E+05  1.093290170521E+12
 2.510805134386E-05  1.021860008657E+05  1.060173457889E+12
 2.520443745889E-05  9.892308616067E+04  1.026320919026E+12
 2.530082357392E-05  9.736522278024E+04  1.010158182516E+12
 2.539720968895E-05  9.485933798380E+04  9.841597822735E+11
 2.549359580398E-05  9.119553593345E+04  9.461480619220E+11
 2.558998191901E-05  9.053419915934E+04  9.392867336706E+11
 2.568636803405E-05  8.796626993205E+04  9.126446262836E+11
 2.578275414908E-05  8.610066556393E+04  8.932890960031E+11
 2.587914026411E-05  8.440320548193E+04  8.756780523228E+11
 2.597552637914E-05  8.274093533497E+04  8.584321020486E+11
 2.607191249417E-05  8.013386409083E+04  8.313838986504E+11
 2.616829860920E-05  7.835946714533E+04  8.129746397554E+11
 2.626468472424E-05  7.574287993742E+04  7.858277088199E+11
 2.636107083927E-05  7.476823821164E+04  7.757158610143E+11
 2.645745695430E-05  7.173615112065E+04  7.442581444127E+11
 2.655384306933E-05  7.032611620561E+04  7.296291191161E+11
 2.665022918436E-05  6.803832636070E+04  7.058934405471E+11
 2.674661529939E-05  6.725768300370E+04  6.977943138550E+11
 2.684300141443E-05  6.566733484933E+04  6.812945498190E+11
 2.693938752946E-05  6.400370388539E+04  6.640344811525E+11
 2.703577364449E-05  6.225607001670E+04  6.459028875292E+11
 2.713215975952E-05  5.991684263677E+04  6.216335477061E+11
 2.722854587455E-05  5.853657051690E+04  6.073133095741E+11
 2.732493198958E-05  5.799312986732E+04  6.016751463449E+11
 2.742131810462E-05  5.627876673120E+04  5.838887345204E+11
 2.751770421965E-05  5.440465509357E+04  5.644449418433E+11
 2.761409033468E-05  5.351684817345E+04  5.552339997917E+11
 2.771047644971E-05  5.145201968012E+04  5.338115314969E+11
 2.780686256474E-05  4.975830116537E+04  5.162393063461E+11
 2.790324867977E-05  4.954220508186E+04  5.139973228048E+11
 2.799963479481E-05  4.806583753342E+04  4.986801005270E+11
 2.809602090984E-05  4.619979303848E+04  4.793200039578E+11
 2.819240702487E-05  4.589028512694E+04  4.761088784607E+11
 2.828879313990E-05  4.399509704772E+04  4.564464190018E+11
 2.838517925493E-05  4.294843156715E+04  4.455873291814E+11
 2.848156536997E-05  4.164337171466E+04  4.320474136857E+11
 2.857795148500E-05  4.037804310604E+04  4.189197073952E+11
 2.867433760003E-05  3.928865960098E+04  4.076174207048E+11
 2.877072371506E-05  3.806050681162E+04  3.948754112467E+11
 2.886710983009E-05  3.655228132139E+04  3.792276647872E+11
 2.896349594512E-05  3.623738268601E+04  3.759606108628E+11
 2.905988206016E-05  3.454254340776E+04  3.583767578597E+11
 2.915626817519E-05  3.441536677686E+04  3.570573081563E+11
 2.925265429022E-05  3.326884319263E+04  3.451621966679E+11
 2.934904040525E-05  3.264723040412E+04  3.387130023175E+11
 2.944542652028E-05  3.110725703530E+04  3.227358735754E+11
 2.954181263531E-05  3.009482626448E+04  3.122319667577E+11
 2.963819875035E-05  2.945477145325E+04  3.055914375589E+11
 2.973458486538E-05  2.903244717609E+04  3.012098492250E+11
 2.983097098041E-05  2.835924310925E+04  2.942253985433E+11
 2.992735709544E-05  2.752802536038E+04  2.856015656541E+11
 3.002374321047E-05  2.647426608865E+04  2.746688781879E+11
 3.012012932550E-05  2.581444351417E+04  2.678232596642E+11
 3.021651544054E-05  2.473765265071E+04  2.566516208540E+11
 3.031290155557E-05  2.414826841009E+04  2.505367957008E+11
 3.040928767060E-05  2.310868394988E+04  2.397511710299E+11
 3.050567378563E-05  2.313802245713E+04  2.400555562336E+11
 3.060205990066E-05  2.268327852664E+04  2.353376159956E+11
 3.069844601569E-05  2.130386669110E+04  2.210263032605E+11
 3.079483213073E-05  2.038094937693E+04  2.114510930358E+11
 3.089121824576E-05  1.982834304571E+04  2.057178364248E+11
 3.098760436079E-05  1.963483185198E+04  2.037101697223E+11
 3.108399047582E-05  1.864246068767E+04  1.934143800851E+11
 3.118037659085E-05  1.892436546523E+04  1.963391247692E+11
 3.127676270588E-05  1.804500813053E+04  1.872158466454E+11
 3.137314882092E-05  1.750977833875E+04  1.816628705597E+11
 3.146953493595E-05  1.676419849045E+04  1.739275256081E+11
 3.156592105098E-05  1.698388409772E+04  1.762067502371E+11
 3.166230716601E-05  1.598236506338E+04  1.658160520124E+11
 3.175869328104E-05  1.546734599814E+04  1.604727609682E+11
 3.185507939608E-05  1.536660022311E+04  1.594275297646E+11
 3.195146551111E-05  1.437767982887E+04  1.491675416541E+11
 3.204785162614E-05  1.393592944229E+04  1.445844086329E+11
 3.214423774117E-05  1.344546701763E+04  1.394958912205E+11
 3.224062385620E-05  1.282442606495E+04  1.330526296317E+11
 3.233700997123E-05  1.301067263074E+04  1.349849262672E+11
 3.243339608627E-05  1.260200081967E+04  1.307449814273E+11
 3.252978220130E-05  1.227121931051E+04  1.273131436668E+11
 3.262616831633E-05  1.220316445409E+04  1.266070787278E+11
 3.272255443136E-05  1.127221685185E+04  1.169485547596E+11
 3.281894054639E-05  1.080014899999E+04  1.120508799057E+11
 3.291532666142E-05  1.048857966494E+04  1.088183672668E+11
 3.301171277646E-05  9.921447700714E+03  1.029344081090E+11
 3.310809889149E-05  9.723293405383E+03  1.008785695137E+11
 3.320448500652E-05  9.304180139657E+03  9.653029522557E+10
 3.330087112155E-05  9.287912235280E+03  9.636151672079E+10
 3.339725723658E-05  9.348884291948E+03  9.699409804899E+10
 3.349364335161E-05  8.669917665415E+03  8.994986116582E+10
 3.359002946665E-05  8.706352769188E+03  9.032787312077E+10
 3.368641558168E-05  8.173955673178E+03  8.480428607885E+10
 3.378280169671E-05  7.834048513230E+03  8.127777025407E+10
 3.387918781174E-05  7.621777616263E+03  7.907547278729E+10
 3.397557392677E-05  7.321968359476E+03  7.596497023526E+10
 3.407196004180E-05  7.096415115587E+03  7.362486923819E+10
 3.416834615684E-05  7.144648815432E+03  7.412529089985E+10
 3.426473227187E-05  7.228066646870E+03  7.499074575723E+10
 3.436111838690E-05  6.632894875739E+03  6.881587533180E+10
 3.445750450193E-05  6.364053324155E+03  6.602666081169E+10
 3.455389061696E-05  6.058407327959E+03  6.285560244819E+10
 3.465027673199E-05  6.004062952360E+03  6.229178290239E+10
 3.474666284703E-05  5.621804453215E+03  5.832587454496E+10
 3.484304896206E-05  5.602944124405E+03  5.813019979653E+10
 3.493943507709E-05  5.371358582415E+03  5.572751407864E+10
 3.503582119212E-05  5.099134905913E+03  5.290321022105E+10
 3.513220730715E-05  4.813168528412E+03  4.993632668801E+10
 3.522859342219E-05  4.744152607477E+03  4.922029076403E+10
 3.532497953722E-05  4.766229636917E+03  4.944933858315E+10
 3.542136565225E-05  4.839847721419E+03  5.021312167034E+10
 3.551775176728E-05  4.547118989119E+03  4.717607912326E+10
 3.561413788231E-05  4.302043775096E+03  4.463343888983E+10
 3.571052399734E-05  4.148585371539E+03  4.304131741562E+10
 3.580691011238E-05  3.799781020271E+03  3.942249377953E+10
 3.590329622741E-05  3.711709555001E+03  3.850875775810E+10
 3.599968234244E-05  3.646496532430E+03  3.783217667016E+10
 3.609606845747E-05  3.474424860752E+03  3.604694368695E+10
 3.619245457250E-05  3.159927729207E+03  3.278405534000E+10
 3.628884068753E-05  3.329109196908E+03  3.453930263516E+10
 3.638522680257E-05  3.004744720941E+03  3.117404119828E+10
 3.648161291760E-05  2.892675746999E+03  3.001133250414E+10
 3.657799903263E-05  3.074462285104E+03  3.189735662748E+10
 3.667438514766E-05  2.823010093998E+03  2.928855565004E+10
 3.677077126269E-05  2.708578835741E+03  2.810133840180E+10
 3.686715737772E-05  2.864951425285E+03  2.972369437592E+10
 3.696354349276E-05  2.564477033179E+03  2.660629108597E+10
 3.705992960779E-05  2.542232667824E+03  2.637550716706E+10
 3.715631572282E-05  2.325303067758E+03  2.412487594290E+10
 3.725270183785E-05  2.292343068415E+03  2.378291798213E+10
 3.734908795288E-05  2.312958180929E+03  2.399679850327E+10
 3.744547406791E-05  2.166258503271E+03  2.247479839351E+10
 3.754186018295E-05  2.228383628208E+03  2.311934273391E+10
 3.763824629798E-05  1.928929991115E+03  2.001252971427E+10
 3.773463241301E-05  1.821036401954E+03  1.889314037976E+10
 3.783101852804E-05  1.693158399406E+03  1.756641398866E+10
 3.792740464307E-05  1.871002452583E+03  1.941153507398E+10
 3.802379075810E-05  1.805137187129E+03  1.872818700635E+10
 3.812017687314E-05  1.507637101217E+03  1.564164195974E+10
 3.821656298817E-05  1.588833999441E+03  1.648405477198E+10
 3.831294910320E-05  1.535677685956E+03  1.593256129735E+10
 3.840933521823E-05  1.487380615284E+03  1.543148216726E+10
 3.850572133326E-05  1.405425485772E+03  1.458120275217E+10
 3.860210744829E-05  1.486465348005E+03  1.542198632569E+10
 3.869849356333E-05  1.509571659408E+03  1.566171288169E+10
 3.879487967836E-05  1.165466535943E+03  1.209164344428E+10
 3.889126579339E-05  1.185824206132E+03  1.230285301717E+10
 3.898765190842E-05  1.181679384477E+03  1.225985074809E+10
 3.908403802345E-05  1.048709354495E+03  1.088029488635E+10
 3.918042413849E-05  1.078899337073E+03  1.119351409399E+10
 3.927681025352E-05  1.003283471622E+03  1.040900415264E+10
 3.937319636855E-05  1.033966819898E+03  1.072734199898E+10
 3.946958248358E-05  9.945205932296E+02  1.031808982966E+10
 3.956596859861E-05  8.919929769101E+02  9.254372132507E+09
 3.966235471364E-05  8.168970156209E+02  8.475256164771E+09
 3.975874082868E-05  8.791442478481E+02  9.121067360780E+09
 3.985512694371E-05  7.629432301013E+02  7.915488966956E+09
 3.995151305874E-05  7.874370924288E+02  8.169611278240E+09
 4.004789917377E-05  8.053297122630E+02  8.355246105708E+09
 4.014428528880E-05  8.114537026978E+02  8.418782128846E+09
 4.024067140383E-05  7.943773861118E+02  8.241616397242E+09
 4.033705751887E-05  7.516146698171E+02  7.797955852560E+09
 4.043344363390E-05  6.515062948290E+02  6.759337635039E+09
 4.052982974893E-05  6.336284319177E+02  6.573855909736E+09
 4.062621586396E-05  6.065316239507E+02  6.292728197948E+09
 4.072260197899E-05  6.151494834726E+02  6.382137959084E+09
 4.081898809402E-05  5.510158113742E+02  5.716755065737E+09
 4.091537420906E-05  4.190935838244E+02  4.348070089624E+09
 4.101176032409E-05  5.317238748840E+02  5.516602414248E+09
 4.110814643912E-05  5.788931547790E+02  6.005980784562E+09
 4.120453255415E-05  4.509337207304E+02  4.678409546666E+09
 4.130091866918E-05  4.999048401225E+02  5.186481890654E+09
 4.139730478421E-05  4.874013301271E+02  5.056758745456E+09
 4.149369089925E-05  3.936085788098E+02  4.083664734078E+09
 4.159007701428E-05  4.131563146197E+02  4.286471287734E+09
 4.168646312931E-05  4.351199278538E+02  4.514342420697E+09
 4.178284924434E-05  3.926002396440E+02  4.073203277411E+09
 4.187923535937E-05  3.977984467001E+02  4.127134355081E+09
 4.197562147440E-05  3.164727107704E+02  3.283384859596E+09
 4.207200758944E-05  3.091326779633E+02  3.207232471830E+09
 4.216839370447E-05  3.113647527904E+02  3.230390110525E+09
 4.226477981950E-05  2.916429744959E+02  3.025777876823E+09
 4.236116593453E-05  2.374992740872E+02  2.464040323745E+09
 4.245755204956E-05  2.615394441914E+02  2.713455606187E+09
 4.255393816460E-05  2.570306777113E+02  2.666677431980E+09
 4.265032427963E-05  2.198944160832E+02  2.281391007521E+09
 4.274671039466E-05  2.633138119857E+02  2.731864562641E+09
 4.284309650969E-05  2.407498680669E+02  2.497765035843E+09
 4.293948262472E-05  2.650121007637E+02  2.749484203991E+09
 4.303586873975E-05  2.241238566174E+02  2.325271192263E+09
 4.313225485479E-05  1.827929137923E+02  1.896465209041E+09
 4.322864096982E-05  1.538484288015E+02  1.596167962065E+09
 4.332502708485E-05  1.834020561370E+02  1.902785023307E+09
 4.342141319988E-05  1.641077354522E+02  1.702607635947E+09
 4.351779931491E-05  1.303218049690E+02  1.352080690524E+09
 4.361418542994E-05  2.181328234965E+02  2.263114593059E+09
 4.371057154498E-05  1.998078337354E+02  2.072993954261E+09
 4.380695766001E-05  1.576975588463E+02  1.636102448931E+09
 4.390334377504E-05  1.480558769627E+02  1.536070593923E+09
 4.399972989007E-05  1.745192375463E+02  1.810626328168E+09
 4.409611600510E-05  1.373180997617E+02  1.424666817586E+09
 4.419250212013E-05  9.684028409774E+01  1.004711976055E+09
 4.428888823517E-05  9.688783670032E+01  1.005205331374E+09
 4.438527435020E-05  1.383042097889E+02  1.434897648312E+09
 4.448166046523E-05  1.380075634863E+02  1.431819961214E+09
 4.457804658026E-05  1.229921645350E+02  1.276036122989E+09
 4.467443269529E-05  1.115184011869E+02  1.156996535758E+09
 4.477081881032E-05  1.186977993129E+02  1.231482348613E+09
 4.486720492536E-05  8.855676052512E+01  9.187709297753E+08
 4.496359104039E-05  9.679192596653E+01  1.004210263425E+09
 4.505997715542E-05  7.944145884609E+01  8.242002369319E+08
 4.515636327045E-05  6.712613085520E+01  6.964294684261E+08
 4.525274938548E-05  4.750537323720E+01  4.928653180136E+08
 4.534913550051E-05  7.692994093415E+01  7.981433934632E+08
 4.544552161555E-05  8.471703993565E+01  8.789340654282E+08
 4.554190773058E-05  5.745550406666E+01  5.960973118146E+08
 4.563829384561E-05  4.650447501871E+01  4.824810607151E+08
 4.573467996064E-05  5.881076258045E+01  6.101580353259E+08
 4.583106607567E-05  4.373043273404E+01  4.537005430674E+08
 4.592745219071E-05  4.101445958732E+01  4.255224891451E+08
 4.602383830574E-05  4.692638839206E+01  4.868583859472E+08
 4.612022442077E-05  8.200629084918E+01  8.508102108089E+08
 4.621661053580E-05  5.761171697638E+01  5.977180111204E+08
 4.631299665083E-05  2.715159517747E+01  2.816961257183E+08
 4.640938276586E-05  3.240483493276E+01  3.361981642491E+08
 4.650576888090E-05  3.435317431966E+01  3.564120652477E+08
 4.660215499593E-05  3.358863143090E+01  3.484799799208E+08
 4.669854111096E-05  2.806802434290E+01  2.912040217999E+08
 4.679492722599E-05  1.707788646121E+01  1.771820189619E+08
 4.689131334102E-05  2.474389807077E+01  2.567164167020E+08
 4.698769945605E-05  2.712767927608E+01  2.814479997161E+08
 4.708408557109E-05  1.600405926151E+01  1.660411279803E+08
 4.718047168612E-05  2.176433520359E+01  2.258036356837E+08
 4.727685780115E-05  1.964747327912E+01  2.038413237493E+08
 4.737324391618E-05  1.172049744443E+01  1.215994382653E+08
 4.746963003121E-05  3.252040466239E+01  3.373971930676E+08
 4.756601614624E-05  4.982448649230E+01  5.169259750319E+08
 4.766240226128E-05  2.029971500254E+01  2.106082914106E+08
 4.775878837631E-05  1.494429279965E+01  1.550461162869E+08
 4.785517449134E-05  2.506159181015E+01  2.600124696581E+08
 4.795156060637E-05  1.852778026087E+01  1.922245777286E+08
 4.804794672140E-05  9.031209658683E+00  9.369824331763E+07
 4.814433283643E-05  5.629324576088E+00  5.840389535605E+07
 4.824071895147E-05  1.770314543134E+01  1.836690422216E+08
 4.833710506650E-05  2.123834800177E+01  2.203465508987E+08
 4.843349118153E-05  1.729433046692E+01  1.794276121745E+08
 4.852987729656E-05  7.672527193492E-01  7.960199652167E+06
 4.862626341159E-05  1.841129715014E+01  1.910160726374E+08
 4.872264952662E-05  2.216838089374E+01  2.299955848044E+08
 4.881903564166E-05  7.653069236774E+00  7.940012142056E+07
 4.891542175669E-05  2.691432229584E+00  2.792344342024E+07
 4.901180787172E-05  1.230745042257E+01  1.276890392203E+08
 4.910819398675E-05  6.001117347842E+00  6.226122243715E+07
 4.920458010178E-05  3.577159083915E-10  3.711280491737E-03
 4.930096621682E-05  6.999999999642E+00  7.262456835551E+07
